0:0:0:0:0:0:0:1 - - [30/Nov/2020:17:03:19 +0700] "GET / HTTP/1.1" 404 949
0:0:0:0:0:0:0:1 - - [30/Nov/2020:17:03:29 +0700] "GET /transactions HTTP/1.1" 200 1264
0:0:0:0:0:0:0:1 - - [30/Nov/2020:17:03:31 +0700] "GET / HTTP/1.1" 404 949
0:0:0:0:0:0:0:1 - - [30/Nov/2020:17:03:40 +0700] "GET /?transactionForm HTTP/1.1" 404 949
0:0:0:0:0:0:0:1 - - [30/Nov/2020:17:03:42 +0700] "GET /?categoryForm HTTP/1.1" 404 949
0:0:0:0:0:0:0:1 - - [30/Nov/2020:17:03:44 +0700] "GET / HTTP/1.1" 404 949
0:0:0:0:0:0:0:1 - - [30/Nov/2020:17:05:03 +0700] "GET /transactions HTTP/1.1" 200 1276
0:0:0:0:0:0:0:1 - - [30/Nov/2020:17:05:03 +0700] "GET /favicon.ico HTTP/1.1" 200 2862
0:0:0:0:0:0:0:1 - - [30/Nov/2020:17:05:04 +0700] "GET /transactions HTTP/1.1" 200 1276
0:0:0:0:0:0:0:1 - - [30/Nov/2020:17:05:05 +0700] "GET /transactions HTTP/1.1" 200 1276
0:0:0:0:0:0:0:1 - - [30/Nov/2020:17:05:17 +0700] "GET /?transactionForm HTTP/1.1" 404 949
0:0:0:0:0:0:0:1 - - [30/Nov/2020:17:05:41 +0700] "GET /transactions HTTP/1.1" 200 1289
0:0:0:0:0:0:0:1 - - [30/Nov/2020:17:05:41 +0700] "GET /favicon.ico HTTP/1.1" 200 2862
0:0:0:0:0:0:0:1 - - [30/Nov/2020:17:05:42 +0700] "GET /transactions/?transactionForm HTTP/1.1" 200 1331
0:0:0:0:0:0:0:1 - - [30/Nov/2020:17:06:59 +0700] "GET /transactions HTTP/1.1" 200 1289
0:0:0:0:0:0:0:1 - - [30/Nov/2020:17:07:01 +0700] "GET /transactions/?transactionForm HTTP/1.1" 200 1331
0:0:0:0:0:0:0:1 - - [30/Nov/2020:17:07:01 +0700] "GET /transactions HTTP/1.1" 200 1289
0:0:0:0:0:0:0:1 - - [30/Nov/2020:17:07:02 +0700] "GET /?categoryForm HTTP/1.1" 404 949
0:0:0:0:0:0:0:1 - - [30/Nov/2020:17:07:04 +0700] "GET /transactions HTTP/1.1" 200 1289
0:0:0:0:0:0:0:1 - - [30/Nov/2020:17:07:05 +0700] "GET /transactions HTTP/1.1" 200 1289
0:0:0:0:0:0:0:1 - - [30/Nov/2020:17:07:05 +0700] "GET /transactions HTTP/1.1" 200 1289
0:0:0:0:0:0:0:1 - - [30/Nov/2020:17:07:06 +0700] "GET /transactions HTTP/1.1" 200 1289
0:0:0:0:0:0:0:1 - - [30/Nov/2020:17:07:06 +0700] "GET /transactions HTTP/1.1" 200 1289
0:0:0:0:0:0:0:1 - - [30/Nov/2020:17:07:06 +0700] "GET /transactions HTTP/1.1" 200 1289
0:0:0:0:0:0:0:1 - - [30/Nov/2020:17:07:07 +0700] "GET /transactions HTTP/1.1" 200 1289
0:0:0:0:0:0:0:1 - - [30/Nov/2020:17:07:07 +0700] "GET /transactions HTTP/1.1" 200 1289
0:0:0:0:0:0:0:1 - - [30/Nov/2020:17:07:11 +0700] "GET /transactions HTTP/1.1" 200 1289
0:0:0:0:0:0:0:1 - - [30/Nov/2020:17:07:11 +0700] "GET /transactions HTTP/1.1" 200 1289
0:0:0:0:0:0:0:1 - - [30/Nov/2020:17:07:12 +0700] "GET /transactions HTTP/1.1" 200 1289
0:0:0:0:0:0:0:1 - - [30/Nov/2020:17:07:12 +0700] "GET /transactions HTTP/1.1" 200 1289
0:0:0:0:0:0:0:1 - - [30/Nov/2020:17:07:12 +0700] "GET /transactions HTTP/1.1" 200 1289
0:0:0:0:0:0:0:1 - - [30/Nov/2020:17:34:27 +0700] "GET /transactions HTTP/1.1" 200 1273
0:0:0:0:0:0:0:1 - - [30/Nov/2020:17:34:29 +0700] "GET /categories HTTP/1.1" 404 949
0:0:0:0:0:0:0:1 - - [30/Nov/2020:17:34:31 +0700] "GET /?transactionForm HTTP/1.1" 404 949
0:0:0:0:0:0:0:1 - - [30/Nov/2020:17:34:34 +0700] "GET /transactions HTTP/1.1" 200 1273
0:0:0:0:0:0:0:1 - - [30/Nov/2020:17:34:40 +0700] "GET /?transactionForm HTTP/1.1" 404 949
0:0:0:0:0:0:0:1 - - [30/Nov/2020:17:34:42 +0700] "GET /?transactionForm HTTP/1.1" 404 949
0:0:0:0:0:0:0:1 - - [30/Nov/2020:17:37:43 +0700] "GET /transactions HTTP/1.1" 200 1273
0:0:0:0:0:0:0:1 - - [30/Nov/2020:17:37:43 +0700] "GET /css/bootstrap.min.css HTTP/1.1" 200 83044
0:0:0:0:0:0:0:1 - - [30/Nov/2020:17:37:45 +0700] "GET /categories HTTP/1.1" 404 949
0:0:0:0:0:0:0:1 - - [30/Nov/2020:17:37:48 +0700] "GET /transactions HTTP/1.1" 200 1273
0:0:0:0:0:0:0:1 - - [30/Nov/2020:17:37:49 +0700] "GET /?transactionForm HTTP/1.1" 404 949
0:0:0:0:0:0:0:1 - - [30/Nov/2020:17:53:41 +0700] "GET /transactions HTTP/1.1" 200 1273
0:0:0:0:0:0:0:1 - - [30/Nov/2020:17:53:41 +0700] "GET /css/bootstrap.min.css HTTP/1.1" 304 -
0:0:0:0:0:0:0:1 - - [30/Nov/2020:17:53:41 +0700] "GET /favicon.ico HTTP/1.1" 200 2862
0:0:0:0:0:0:0:1 - - [30/Nov/2020:17:53:43 +0700] "GET /categories HTTP/1.1" 404 949
0:0:0:0:0:0:0:1 - - [30/Nov/2020:17:53:46 +0700] "GET / HTTP/1.1" 400 968
0:0:0:0:0:0:0:1 - - [30/Nov/2020:18:03:20 +0700] "GET / HTTP/1.1" 404 949
0:0:0:0:0:0:0:1 - - [30/Nov/2020:18:03:32 +0700] "GET /categories HTTP/1.1" 200 1315
0:0:0:0:0:0:0:1 - - [30/Nov/2020:18:03:32 +0700] "GET /css/bootstrap.min.css HTTP/1.1" 304 -
0:0:0:0:0:0:0:1 - - [30/Nov/2020:18:03:33 +0700] "GET /favicon.ico HTTP/1.1" 304 -
0:0:0:0:0:0:0:1 - - [30/Nov/2020:18:03:37 +0700] "GET /transactions HTTP/1.1" 200 1273
0:0:0:0:0:0:0:1 - - [30/Nov/2020:18:03:38 +0700] "GET /categories HTTP/1.1" 200 1315
0:0:0:0:0:0:0:1 - - [30/Nov/2020:18:03:39 +0700] "GET /transactions HTTP/1.1" 200 1273
0:0:0:0:0:0:0:1 - - [30/Nov/2020:18:03:40 +0700] "GET /categories HTTP/1.1" 200 1315
0:0:0:0:0:0:0:1 - - [30/Nov/2020:18:03:43 +0700] "GET /transactions HTTP/1.1" 200 1273
0:0:0:0:0:0:0:1 - - [30/Nov/2020:18:03:48 +0700] "GET /?transactionForm HTTP/1.1" 404 949
0:0:0:0:0:0:0:1 - - [30/Nov/2020:18:05:52 +0700] "GET /transactions HTTP/1.1" 200 1263
0:0:0:0:0:0:0:1 - - [30/Nov/2020:18:05:53 +0700] "GET /create HTTP/1.1" 404 949
0:0:0:0:0:0:0:1 - - [30/Nov/2020:18:07:37 +0700] "GET /categories HTTP/1.1" 200 1305
0:0:0:0:0:0:0:1 - - [30/Nov/2020:18:07:40 +0700] "GET / HTTP/1.1" 404 949
0:0:0:0:0:0:0:1 - - [30/Nov/2020:18:08:24 +0700] "GET /transactions HTTP/1.1" 200 1263
0:0:0:0:0:0:0:1 - - [30/Nov/2020:18:08:25 +0700] "GET /categories HTTP/1.1" 200 1195
0:0:0:0:0:0:0:1 - - [30/Nov/2020:18:08:28 +0700] "GET /transactions HTTP/1.1" 200 1263
0:0:0:0:0:0:0:1 - - [30/Nov/2020:18:17:58 +0700] "GET / HTTP/1.1" 200 809
0:0:0:0:0:0:0:1 - - [30/Nov/2020:18:17:58 +0700] "GET /css/bootstrap.min.css HTTP/1.1" 304 -
0:0:0:0:0:0:0:1 - - [30/Nov/2020:18:18:02 +0700] "GET /transactions HTTP/1.1" 200 1160
0:0:0:0:0:0:0:1 - - [30/Nov/2020:18:18:04 +0700] "GET /create HTTP/1.1" 404 949
0:0:0:0:0:0:0:1 - - [30/Nov/2020:18:18:08 +0700] "GET /categories HTTP/1.1" 200 1187
0:0:0:0:0:0:0:1 - - [30/Nov/2020:18:22:20 +0700] "GET /transactions HTTP/1.1" 200 1160
0:0:0:0:0:0:0:1 - - [30/Nov/2020:18:22:22 +0700] "GET /create HTTP/1.1" 404 949
0:0:0:0:0:0:0:1 - - [30/Nov/2020:18:22:24 +0700] "GET /categories HTTP/1.1" 200 1187
0:0:0:0:0:0:0:1 - - [30/Nov/2020:18:22:25 +0700] "GET /transactions HTTP/1.1" 200 1160
0:0:0:0:0:0:0:1 - - [30/Nov/2020:18:27:49 +0700] "GET / HTTP/1.1" 500 4137
0:0:0:0:0:0:0:1 - - [30/Nov/2020:18:28:22 +0700] "GET / HTTP/1.1" 200 746
0:0:0:0:0:0:0:1 - - [30/Nov/2020:18:28:22 +0700] "GET /css/bootstrap.min.css HTTP/1.1" 200 83085
0:0:0:0:0:0:0:1 - - [30/Nov/2020:18:28:22 +0700] "GET /favicon.ico HTTP/1.1" 200 2862
0:0:0:0:0:0:0:1 - - [30/Nov/2020:18:28:23 +0700] "GET /transactions HTTP/1.1" 200 794
0:0:0:0:0:0:0:1 - - [30/Nov/2020:18:28:25 +0700] "GET /categories HTTP/1.1" 200 790
0:0:0:0:0:0:0:1 - - [30/Nov/2020:18:28:26 +0700] "GET /create HTTP/1.1" 404 949
0:0:0:0:0:0:0:1 - - [30/Nov/2020:18:28:29 +0700] "GET /transactions HTTP/1.1" 200 794
0:0:0:0:0:0:0:1 - - [30/Nov/2020:18:29:31 +0700] "GET / HTTP/1.1" 200 791
0:0:0:0:0:0:0:1 - - [30/Nov/2020:18:29:31 +0700] "GET /css/bootstrap.min.css HTTP/1.1" 304 -
0:0:0:0:0:0:0:1 - - [30/Nov/2020:18:29:32 +0700] "GET /transactions HTTP/1.1" 200 1205
0:0:0:0:0:0:0:1 - - [30/Nov/2020:18:29:33 +0700] "GET /create HTTP/1.1" 404 949
0:0:0:0:0:0:0:1 - - [30/Nov/2020:18:29:35 +0700] "GET /transactions HTTP/1.1" 200 1205
0:0:0:0:0:0:0:1 - - [30/Nov/2020:18:29:37 +0700] "GET /categories HTTP/1.1" 200 1232
0:0:0:0:0:0:0:1 - - [30/Nov/2020:18:30:41 +0700] "GET / HTTP/1.1" 200 791
0:0:0:0:0:0:0:1 - - [30/Nov/2020:18:30:41 +0700] "GET /css/bootstrap.min.css HTTP/1.1" 200 83084
0:0:0:0:0:0:0:1 - - [30/Nov/2020:18:31:15 +0700] "GET / HTTP/1.1" 200 791
0:0:0:0:0:0:0:1 - - [30/Nov/2020:18:31:15 +0700] "GET /css/bootstrap.min.css HTTP/1.1" 304 -
0:0:0:0:0:0:0:1 - - [30/Nov/2020:18:31:15 +0700] "GET /favicon.ico HTTP/1.1" 200 2862
0:0:0:0:0:0:0:1 - - [30/Nov/2020:18:31:16 +0700] "GET /transactions HTTP/1.1" 200 1205
0:0:0:0:0:0:0:1 - - [30/Nov/2020:18:39:17 +0700] "GET /transactions HTTP/1.1" 200 1205
0:0:0:0:0:0:0:1 - - [30/Nov/2020:18:39:17 +0700] "GET /css/bootstrap.min.css HTTP/1.1" 304 -
0:0:0:0:0:0:0:1 - - [30/Nov/2020:18:39:17 +0700] "GET /favicon.ico HTTP/1.1" 200 2862
0:0:0:0:0:0:0:1 - - [30/Nov/2020:18:39:18 +0700] "GET /transactions HTTP/1.1" 200 1205
0:0:0:0:0:0:0:1 - - [30/Nov/2020:18:39:19 +0700] "GET /categories HTTP/1.1" 200 1232
0:0:0:0:0:0:0:1 - - [30/Nov/2020:18:40:47 +0700] "GET /categories HTTP/1.1" 200 1289
0:0:0:0:0:0:0:1 - - [30/Nov/2020:18:40:50 +0700] "GET /transactions HTTP/1.1" 200 1262
0:0:0:0:0:0:0:1 - - [30/Nov/2020:18:40:50 +0700] "GET /css/bootstrap.min.css HTTP/1.1" 304 -
0:0:0:0:0:0:0:1 - - [30/Nov/2020:18:40:50 +0700] "GET /css/style.css HTTP/1.1" 200 78
0:0:0:0:0:0:0:1 - - [30/Nov/2020:18:40:53 +0700] "GET /transactions HTTP/1.1" 200 1262
0:0:0:0:0:0:0:1 - - [30/Nov/2020:18:40:53 +0700] "GET /css/style.css HTTP/1.1" 304 -
0:0:0:0:0:0:0:1 - - [30/Nov/2020:18:40:56 +0700] "GET /categories HTTP/1.1" 200 1289
0:0:0:0:0:0:0:1 - - [30/Nov/2020:18:40:56 +0700] "GET /css/style.css HTTP/1.1" 304 -
0:0:0:0:0:0:0:1 - - [30/Nov/2020:18:40:59 +0700] "GET /favicon.ico HTTP/1.1" 200 2862
0:0:0:0:0:0:0:1 - - [30/Nov/2020:18:50:11 +0700] "GET /transactions HTTP/1.1" 200 1262
0:0:0:0:0:0:0:1 - - [30/Nov/2020:18:50:12 +0700] "GET /css/style.css HTTP/1.1" 304 -
0:0:0:0:0:0:0:1 - - [30/Nov/2020:18:50:12 +0700] "GET /css/bootstrap.min.css HTTP/1.1" 304 -
0:0:0:0:0:0:0:1 - - [30/Nov/2020:18:50:14 +0700] "GET /categories HTTP/1.1" 200 1289
0:0:0:0:0:0:0:1 - - [30/Nov/2020:18:50:15 +0700] "GET /transactions HTTP/1.1" 200 1262
0:0:0:0:0:0:0:1 - - [30/Nov/2020:18:50:16 +0700] "GET /create HTTP/1.1" 404 949
0:0:0:0:0:0:0:1 - - [30/Nov/2020:18:51:09 +0700] "GET /transactions HTTP/1.1" 200 1262
0:0:0:0:0:0:0:1 - - [30/Nov/2020:18:51:10 +0700] "GET /transactions HTTP/1.1" 200 1262
0:0:0:0:0:0:0:1 - - [30/Nov/2020:18:51:10 +0700] "GET /css/style.css HTTP/1.1" 304 -
0:0:0:0:0:0:0:1 - - [30/Nov/2020:18:51:12 +0700] "GET /transactions HTTP/1.1" 200 1262
0:0:0:0:0:0:0:1 - - [30/Nov/2020:18:52:39 +0700] "GET /transactions HTTP/1.1" 500 7842
0:0:0:0:0:0:0:1 - - [30/Nov/2020:18:52:40 +0700] "GET /favicon.ico HTTP/1.1" 200 2862
0:0:0:0:0:0:0:1 - - [30/Nov/2020:18:53:15 +0700] "GET /transactions HTTP/1.1" 200 1262
0:0:0:0:0:0:0:1 - - [30/Nov/2020:18:53:15 +0700] "GET /css/bootstrap.min.css HTTP/1.1" 304 -
0:0:0:0:0:0:0:1 - - [30/Nov/2020:18:53:15 +0700] "GET /css/style.css HTTP/1.1" 200 77
0:0:0:0:0:0:0:1 - - [30/Nov/2020:18:53:15 +0700] "GET /favicon.ico HTTP/1.1" 200 2862
0:0:0:0:0:0:0:1 - - [30/Nov/2020:18:53:17 +0700] "GET /categories HTTP/1.1" 200 1289
0:0:0:0:0:0:0:1 - - [30/Nov/2020:18:53:18 +0700] "GET /transactions HTTP/1.1" 200 1262
0:0:0:0:0:0:0:1 - - [30/Nov/2020:18:53:20 +0700] "GET /create HTTP/1.1" 404 949
0:0:0:0:0:0:0:1 - - [30/Nov/2020:18:54:04 +0700] "GET /transactions HTTP/1.1" 200 1520
0:0:0:0:0:0:0:1 - - [30/Nov/2020:18:54:04 +0700] "GET /css/style.css HTTP/1.1" 304 -
0:0:0:0:0:0:0:1 - - [30/Nov/2020:18:54:04 +0700] "GET /favicon.ico HTTP/1.1" 200 2862
0:0:0:0:0:0:0:1 - - [30/Nov/2020:18:54:06 +0700] "GET /categories HTTP/1.1" 200 1289
0:0:0:0:0:0:0:1 - - [30/Nov/2020:18:54:08 +0700] "GET /transactions HTTP/1.1" 200 1520
0:0:0:0:0:0:0:1 - - [30/Nov/2020:18:54:09 +0700] "GET /create HTTP/1.1" 404 949
0:0:0:0:0:0:0:1 - - [30/Nov/2020:18:57:37 +0700] "GET /transactions HTTP/1.1" 200 1217
0:0:0:0:0:0:0:1 - - [30/Nov/2020:18:57:37 +0700] "GET /css/style.css HTTP/1.1" 200 112
0:0:0:0:0:0:0:1 - - [30/Nov/2020:18:57:37 +0700] "GET /css/bootstrap.min.css HTTP/1.1" 200 83046
0:0:0:0:0:0:0:1 - - [30/Nov/2020:18:57:37 +0700] "GET /favicon.ico HTTP/1.1" 200 2862
0:0:0:0:0:0:0:1 - - [30/Nov/2020:18:58:09 +0700] "GET /favicon.ico HTTP/1.1" 304 -
0:0:0:0:0:0:0:1 - - [30/Nov/2020:19:13:50 +0700] "GET /transactions HTTP/1.1" 200 1217
0:0:0:0:0:0:0:1 - - [30/Nov/2020:19:13:50 +0700] "GET /css/style.css HTTP/1.1" 304 -
0:0:0:0:0:0:0:1 - - [30/Nov/2020:19:13:50 +0700] "GET /css/bootstrap.min.css HTTP/1.1" 200 83082
0:0:0:0:0:0:0:1 - - [30/Nov/2020:19:13:50 +0700] "GET /favicon.ico HTTP/1.1" 200 2862
0:0:0:0:0:0:0:1 - - [30/Nov/2020:19:13:52 +0700] "GET /create HTTP/1.1" 404 949
0:0:0:0:0:0:0:1 - - [30/Nov/2020:19:13:55 +0700] "GET /categories HTTP/1.1" 200 1244
0:0:0:0:0:0:0:1 - - [30/Nov/2020:19:13:55 +0700] "GET /css/bootstrap.min.css HTTP/1.1" 304 -
0:0:0:0:0:0:0:1 - - [30/Nov/2020:19:13:56 +0700] "GET /transactions HTTP/1.1" 200 1217
0:0:0:0:0:0:0:1 - - [30/Nov/2020:19:15:04 +0700] "GET /transactions HTTP/1.1" 200 1217
0:0:0:0:0:0:0:1 - - [30/Nov/2020:19:15:04 +0700] "GET /css/bootstrap.min.css HTTP/1.1" 200 83115
0:0:0:0:0:0:0:1 - - [30/Nov/2020:19:15:04 +0700] "GET /favicon.ico HTTP/1.1" 200 2862
0:0:0:0:0:0:0:1 - - [30/Nov/2020:19:15:07 +0700] "GET /transactions HTTP/1.1" 200 1217
0:0:0:0:0:0:0:1 - - [30/Nov/2020:19:15:07 +0700] "GET /css/bootstrap.min.css HTTP/1.1" 304 -
0:0:0:0:0:0:0:1 - - [30/Nov/2020:19:15:08 +0700] "GET /favicon.ico HTTP/1.1" 200 2862
0:0:0:0:0:0:0:1 - - [30/Nov/2020:19:15:54 +0700] "GET /transactions HTTP/1.1" 200 1217
0:0:0:0:0:0:0:1 - - [30/Nov/2020:19:15:54 +0700] "GET /css/bootstrap.min.css HTTP/1.1" 200 83118
0:0:0:0:0:0:0:1 - - [30/Nov/2020:19:15:54 +0700] "GET /css/style.css HTTP/1.1" 304 -
0:0:0:0:0:0:0:1 - - [30/Nov/2020:19:15:54 +0700] "GET /favicon.ico HTTP/1.1" 200 2862
0:0:0:0:0:0:0:1 - - [30/Nov/2020:19:15:56 +0700] "GET /transactions HTTP/1.1" 200 1217
0:0:0:0:0:0:0:1 - - [30/Nov/2020:19:15:56 +0700] "GET /css/bootstrap.min.css HTTP/1.1" 304 -
0:0:0:0:0:0:0:1 - - [30/Nov/2020:19:15:56 +0700] "GET /favicon.ico HTTP/1.1" 200 2862
0:0:0:0:0:0:0:1 - - [30/Nov/2020:19:16:32 +0700] "GET /transactions HTTP/1.1" 200 1217
0:0:0:0:0:0:0:1 - - [30/Nov/2020:19:16:33 +0700] "GET /css/bootstrap.min.css HTTP/1.1" 200 83046
0:0:0:0:0:0:0:1 - - [30/Nov/2020:19:16:33 +0700] "GET /favicon.ico HTTP/1.1" 200 2862
0:0:0:0:0:0:0:1 - - [30/Nov/2020:19:16:33 +0700] "GET /transactions HTTP/1.1" 200 1217
0:0:0:0:0:0:0:1 - - [30/Nov/2020:19:16:34 +0700] "GET /css/bootstrap.min.css HTTP/1.1" 304 -
0:0:0:0:0:0:0:1 - - [30/Nov/2020:19:16:34 +0700] "GET /favicon.ico HTTP/1.1" 200 2862
0:0:0:0:0:0:0:1 - - [30/Nov/2020:19:17:10 +0700] "GET /transactions HTTP/1.1" 200 1217
0:0:0:0:0:0:0:1 - - [30/Nov/2020:19:17:10 +0700] "GET /css/bootstrap.min.css HTTP/1.1" 304 -
0:0:0:0:0:0:0:1 - - [30/Nov/2020:19:17:10 +0700] "GET /favicon.ico HTTP/1.1" 200 2862
0:0:0:0:0:0:0:1 - - [30/Nov/2020:19:17:14 +0700] "GET /transactions HTTP/1.1" 200 1217
0:0:0:0:0:0:0:1 - - [30/Nov/2020:19:17:14 +0700] "GET /favicon.ico HTTP/1.1" 200 2862
0:0:0:0:0:0:0:1 - - [30/Nov/2020:19:17:15 +0700] "GET /transactions HTTP/1.1" 200 1217
0:0:0:0:0:0:0:1 - - [30/Nov/2020:19:17:15 +0700] "GET /favicon.ico HTTP/1.1" 200 2862
0:0:0:0:0:0:0:1 - - [30/Nov/2020:19:17:15 +0700] "GET /transactions HTTP/1.1" 200 1217
0:0:0:0:0:0:0:1 - - [30/Nov/2020:19:17:15 +0700] "GET /css/bootstrap.min.css HTTP/1.1" 304 -
0:0:0:0:0:0:0:1 - - [30/Nov/2020:19:17:16 +0700] "GET /favicon.ico HTTP/1.1" 200 2862
0:0:0:0:0:0:0:1 - - [30/Nov/2020:19:17:52 +0700] "GET /transactions HTTP/1.1" 200 1217
0:0:0:0:0:0:0:1 - - [30/Nov/2020:19:17:52 +0700] "GET /css/bootstrap.min.css HTTP/1.1" 304 -
0:0:0:0:0:0:0:1 - - [30/Nov/2020:19:17:52 +0700] "GET /css/style.css HTTP/1.1" 200 152
0:0:0:0:0:0:0:1 - - [30/Nov/2020:19:17:52 +0700] "GET /favicon.ico HTTP/1.1" 200 2862
0:0:0:0:0:0:0:1 - - [30/Nov/2020:19:17:55 +0700] "GET /transactions HTTP/1.1" 200 1217
0:0:0:0:0:0:0:1 - - [30/Nov/2020:19:17:55 +0700] "GET /css/style.css HTTP/1.1" 304 -
0:0:0:0:0:0:0:1 - - [30/Nov/2020:19:17:55 +0700] "GET /favicon.ico HTTP/1.1" 200 2862
0:0:0:0:0:0:0:1 - - [30/Nov/2020:19:18:01 +0700] "GET /transactions HTTP/1.1" 200 1217
0:0:0:0:0:0:0:1 - - [30/Nov/2020:19:18:01 +0700] "GET /css/bootstrap.min.css HTTP/1.1" 304 -
0:0:0:0:0:0:0:1 - - [30/Nov/2020:19:18:01 +0700] "GET /css/style.css HTTP/1.1" 304 -
0:0:0:0:0:0:0:1 - - [30/Nov/2020:19:19:55 +0700] "GET /transactions HTTP/1.1" 200 1217
0:0:0:0:0:0:0:1 - - [30/Nov/2020:19:19:55 +0700] "GET /css/bootstrap.min.css HTTP/1.1" 200 83187
0:0:0:0:0:0:0:1 - - [30/Nov/2020:19:19:55 +0700] "GET /css/style.css HTTP/1.1" 200 221
0:0:0:0:0:0:0:1 - - [30/Nov/2020:19:19:55 +0700] "GET /favicon.ico HTTP/1.1" 200 2862
0:0:0:0:0:0:0:1 - - [30/Nov/2020:19:19:58 +0700] "GET /create HTTP/1.1" 404 949
0:0:0:0:0:0:0:1 - - [30/Nov/2020:19:20:01 +0700] "GET /categories HTTP/1.1" 200 1244
0:0:0:0:0:0:0:1 - - [30/Nov/2020:19:20:01 +0700] "GET /css/bootstrap.min.css HTTP/1.1" 304 -
0:0:0:0:0:0:0:1 - - [30/Nov/2020:19:20:01 +0700] "GET /css/style.css HTTP/1.1" 304 -
0:0:0:0:0:0:0:1 - - [30/Nov/2020:19:22:12 +0700] "GET /categories HTTP/1.1" 200 1244
0:0:0:0:0:0:0:1 - - [30/Nov/2020:19:22:12 +0700] "GET /css/style.css HTTP/1.1" 200 258
0:0:0:0:0:0:0:1 - - [30/Nov/2020:19:22:12 +0700] "GET /css/bootstrap.min.css HTTP/1.1" 200 83263
0:0:0:0:0:0:0:1 - - [30/Nov/2020:19:22:12 +0700] "GET /favicon.ico HTTP/1.1" 200 2862
0:0:0:0:0:0:0:1 - - [30/Nov/2020:19:22:14 +0700] "GET /categories HTTP/1.1" 200 1244
0:0:0:0:0:0:0:1 - - [30/Nov/2020:19:22:14 +0700] "GET /css/bootstrap.min.css HTTP/1.1" 304 -
0:0:0:0:0:0:0:1 - - [30/Nov/2020:19:22:14 +0700] "GET /css/style.css HTTP/1.1" 304 -
0:0:0:0:0:0:0:1 - - [30/Nov/2020:19:22:15 +0700] "GET /transactions HTTP/1.1" 200 1217
0:0:0:0:0:0:0:1 - - [30/Nov/2020:19:27:36 +0700] "GET /transactions HTTP/1.1" 200 1217
0:0:0:0:0:0:0:1 - - [30/Nov/2020:19:27:36 +0700] "GET /transactions HTTP/1.1" 200 1217
0:0:0:0:0:0:0:1 - - [30/Nov/2020:19:27:37 +0700] "GET /css/style.css HTTP/1.1" 304 -
0:0:0:0:0:0:0:1 - - [30/Nov/2020:19:27:37 +0700] "GET /css/bootstrap.min.css HTTP/1.1" 200 83090
0:0:0:0:0:0:0:1 - - [30/Nov/2020:19:27:37 +0700] "GET /favicon.ico HTTP/1.1" 200 2862
0:0:0:0:0:0:0:1 - - [30/Nov/2020:19:27:50 +0700] "GET /css/bootstrap.min.css HTTP/1.1" 304 -
0:0:0:0:0:0:0:1 - - [30/Nov/2020:19:32:41 +0700] "GET /categories HTTP/1.1" 200 1244
0:0:0:0:0:0:0:1 - - [30/Nov/2020:19:32:41 +0700] "GET /css/bootstrap.min.css HTTP/1.1" 304 -
0:0:0:0:0:0:0:1 - - [30/Nov/2020:19:32:41 +0700] "GET /css/style.css HTTP/1.1" 304 -
0:0:0:0:0:0:0:1 - - [30/Nov/2020:19:32:48 +0700] "GET /categories HTTP/1.1" 200 1244
0:0:0:0:0:0:0:1 - - [30/Nov/2020:19:37:03 +0700] "GET /categories HTTP/1.1" 200 1244
0:0:0:0:0:0:0:1 - - [30/Nov/2020:19:37:04 +0700] "GET /css/bootstrap.min.css HTTP/1.1" 304 -
0:0:0:0:0:0:0:1 - - [30/Nov/2020:19:37:04 +0700] "GET /css/style.css HTTP/1.1" 304 -
0:0:0:0:0:0:0:1 - - [30/Nov/2020:19:37:04 +0700] "GET /favicon.ico HTTP/1.1" 200 2862
0:0:0:0:0:0:0:1 - - [30/Nov/2020:19:38:21 +0700] "GET /favicon.ico HTTP/1.1" 304 -
0:0:0:0:0:0:0:1 - - [30/Nov/2020:19:47:58 +0700] "GET /categories HTTP/1.1" 200 1244
0:0:0:0:0:0:0:1 - - [30/Nov/2020:19:47:58 +0700] "GET /css/bootstrap.min.css HTTP/1.1" 304 -
0:0:0:0:0:0:0:1 - - [30/Nov/2020:19:47:58 +0700] "GET /css/style.css HTTP/1.1" 304 -
0:0:0:0:0:0:0:1 - - [30/Nov/2020:19:47:58 +0700] "GET /favicon.ico HTTP/1.1" 200 2862
0:0:0:0:0:0:0:1 - - [30/Nov/2020:19:50:09 +0700] "GET /categories HTTP/1.1" 200 1244
0:0:0:0:0:0:0:1 - - [30/Nov/2020:19:50:09 +0700] "GET /css/bootstrap.min.css HTTP/1.1" 304 -
0:0:0:0:0:0:0:1 - - [30/Nov/2020:19:50:09 +0700] "GET /favicon.ico HTTP/1.1" 200 2862
0:0:0:0:0:0:0:1 - - [30/Nov/2020:20:03:25 +0700] "GET /favicon.ico HTTP/1.1" 304 -
0:0:0:0:0:0:0:1 - - [30/Nov/2020:20:06:33 +0700] "GET /categories HTTP/1.1" 200 1244
0:0:0:0:0:0:0:1 - - [30/Nov/2020:20:06:33 +0700] "GET /css/style.css HTTP/1.1" 304 -
0:0:0:0:0:0:0:1 - - [30/Nov/2020:20:06:33 +0700] "GET /css/bootstrap.min.css HTTP/1.1" 304 -
0:0:0:0:0:0:0:1 - - [30/Nov/2020:20:06:33 +0700] "GET /favicon.ico HTTP/1.1" 200 2862
0:0:0:0:0:0:0:1 - - [30/Nov/2020:20:11:20 +0700] "GET / HTTP/1.1" 200 812
0:0:0:0:0:0:0:1 - - [30/Nov/2020:20:11:20 +0700] "GET /css/bootstrap.min.css HTTP/1.1" 304 -
0:0:0:0:0:0:0:1 - - [30/Nov/2020:20:11:20 +0700] "GET /css/style.css HTTP/1.1" 200 428
0:0:0:0:0:0:0:1 - - [30/Nov/2020:20:11:21 +0700] "GET /favicon.ico HTTP/1.1" 200 2862
0:0:0:0:0:0:0:1 - - [30/Nov/2020:20:11:21 +0700] "GET / HTTP/1.1" 200 812
0:0:0:0:0:0:0:1 - - [30/Nov/2020:20:11:23 +0700] "GET /categories HTTP/1.1" 200 1253
0:0:0:0:0:0:0:1 - - [30/Nov/2020:20:11:23 +0700] "GET /css/style.css HTTP/1.1" 304 -
0:0:0:0:0:0:0:1 - - [30/Nov/2020:20:11:24 +0700] "GET /transactions HTTP/1.1" 200 1226
0:0:0:0:0:0:0:1 - - [30/Nov/2020:20:11:24 +0700] "GET /css/style.css HTTP/1.1" 304 -
0:0:0:0:0:0:0:1 - - [30/Nov/2020:20:11:26 +0700] "GET /create HTTP/1.1" 404 949
0:0:0:0:0:0:0:1 - - [30/Nov/2020:20:12:07 +0700] "GET /transactions HTTP/1.1" 200 1226
0:0:0:0:0:0:0:1 - - [30/Nov/2020:20:12:07 +0700] "GET /css/style.css HTTP/1.1" 200 350
0:0:0:0:0:0:0:1 - - [30/Nov/2020:20:12:07 +0700] "GET /favicon.ico HTTP/1.1" 200 2862
0:0:0:0:0:0:0:1 - - [30/Nov/2020:20:12:09 +0700] "GET /transactions HTTP/1.1" 200 1226
0:0:0:0:0:0:0:1 - - [30/Nov/2020:20:12:09 +0700] "GET /css/style.css HTTP/1.1" 304 -
0:0:0:0:0:0:0:1 - - [30/Nov/2020:20:12:10 +0700] "GET /categories HTTP/1.1" 200 1253
0:0:0:0:0:0:0:1 - - [30/Nov/2020:20:12:14 +0700] "GET / HTTP/1.1" 200 812
0:0:0:0:0:0:0:1 - - [30/Nov/2020:20:12:14 +0700] "GET /css/style.css HTTP/1.1" 304 -
0:0:0:0:0:0:0:1 - - [30/Nov/2020:20:12:40 +0700] "GET /css/style.css HTTP/1.1" 304 -
0:0:0:0:0:0:0:1 - - [30/Nov/2020:20:15:53 +0700] "GET / HTTP/1.1" 200 812
0:0:0:0:0:0:0:1 - - [30/Nov/2020:20:15:53 +0700] "GET /css/bootstrap.min.css HTTP/1.1" 200 83047
0:0:0:0:0:0:0:1 - - [30/Nov/2020:20:15:53 +0700] "GET /css/style.css HTTP/1.1" 304 -
0:0:0:0:0:0:0:1 - - [30/Nov/2020:20:15:53 +0700] "GET /favicon.ico HTTP/1.1" 200 2862
0:0:0:0:0:0:0:1 - - [30/Nov/2020:20:15:56 +0700] "GET /categories HTTP/1.1" 200 1253
0:0:0:0:0:0:0:1 - - [30/Nov/2020:20:15:58 +0700] "GET /transactions HTTP/1.1" 200 1226
0:0:0:0:0:0:0:1 - - [30/Nov/2020:20:16:54 +0700] "GET /transactions HTTP/1.1" 200 1226
0:0:0:0:0:0:0:1 - - [30/Nov/2020:20:16:54 +0700] "GET /css/bootstrap.min.css HTTP/1.1" 304 -
0:0:0:0:0:0:0:1 - - [30/Nov/2020:20:16:54 +0700] "GET /css/style.css HTTP/1.1" 304 -
0:0:0:0:0:0:0:1 - - [30/Nov/2020:20:17:45 +0700] "GET /transactions HTTP/1.1" 200 1226
0:0:0:0:0:0:0:1 - - [30/Nov/2020:20:17:45 +0700] "GET /css/bootstrap.min.css HTTP/1.1" 304 -
0:0:0:0:0:0:0:1 - - [30/Nov/2020:20:17:45 +0700] "GET /css/style.css HTTP/1.1" 200 352
0:0:0:0:0:0:0:1 - - [30/Nov/2020:20:17:45 +0700] "GET /favicon.ico HTTP/1.1" 200 2862
0:0:0:0:0:0:0:1 - - [30/Nov/2020:20:17:47 +0700] "GET /create HTTP/1.1" 404 949
0:0:0:0:0:0:0:1 - - [30/Nov/2020:20:17:50 +0700] "GET /transactions HTTP/1.1" 200 1226
0:0:0:0:0:0:0:1 - - [30/Nov/2020:20:17:50 +0700] "GET /css/style.css HTTP/1.1" 304 -
0:0:0:0:0:0:0:1 - - [30/Nov/2020:20:17:51 +0700] "GET /categories HTTP/1.1" 200 1253
0:0:0:0:0:0:0:1 - - [30/Nov/2020:20:19:10 +0700] "GET /categories HTTP/1.1" 200 1253
0:0:0:0:0:0:0:1 - - [30/Nov/2020:20:19:10 +0700] "GET /css/style.css HTTP/1.1" 304 -
0:0:0:0:0:0:0:1 - - [30/Nov/2020:20:19:10 +0700] "GET /css/bootstrap.min.css HTTP/1.1" 304 -
0:0:0:0:0:0:0:1 - - [30/Nov/2020:20:23:25 +0700] "GET /favicon.ico HTTP/1.1" 304 -
0:0:0:0:0:0:0:1 - - [30/Nov/2020:20:33:38 +0700] "GET /categories HTTP/1.1" 200 1253
0:0:0:0:0:0:0:1 - - [30/Nov/2020:20:33:38 +0700] "GET /css/style.css HTTP/1.1" 304 -
0:0:0:0:0:0:0:1 - - [30/Nov/2020:20:33:38 +0700] "GET /css/bootstrap.min.css HTTP/1.1" 304 -
0:0:0:0:0:0:0:1 - - [30/Nov/2020:20:33:39 +0700] "GET /favicon.ico HTTP/1.1" 200 2862
0:0:0:0:0:0:0:1 - - [30/Nov/2020:20:38:31 +0700] "GET /categories HTTP/1.1" 200 1253
0:0:0:0:0:0:0:1 - - [30/Nov/2020:20:38:31 +0700] "GET /css/bootstrap.min.css HTTP/1.1" 304 -
0:0:0:0:0:0:0:1 - - [30/Nov/2020:20:38:31 +0700] "GET /css/style.css HTTP/1.1" 304 -
0:0:0:0:0:0:0:1 - - [30/Nov/2020:20:43:53 +0700] "GET /categories HTTP/1.1" 200 1298
0:0:0:0:0:0:0:1 - - [30/Nov/2020:20:43:53 +0700] "GET /css/bootstrap.min.css HTTP/1.1" 304 -
0:0:0:0:0:0:0:1 - - [30/Nov/2020:20:43:53 +0700] "GET /css/style.css HTTP/1.1" 304 -
0:0:0:0:0:0:0:1 - - [30/Nov/2020:20:43:53 +0700] "GET /js/main.js HTTP/1.1" 200 258
0:0:0:0:0:0:0:1 - - [30/Nov/2020:20:43:53 +0700] "GET /favicon.ico HTTP/1.1" 200 2862
0:0:0:0:0:0:0:1 - - [30/Nov/2020:20:44:51 +0700] "GET /favicon.ico HTTP/1.1" 304 -
0:0:0:0:0:0:0:1 - - [30/Nov/2020:20:48:57 +0700] "GET /categories HTTP/1.1" 200 1311
0:0:0:0:0:0:0:1 - - [30/Nov/2020:20:48:57 +0700] "GET /css/bootstrap.min.css HTTP/1.1" 304 -
0:0:0:0:0:0:0:1 - - [30/Nov/2020:20:48:57 +0700] "GET /css/style.css HTTP/1.1" 200 344
0:0:0:0:0:0:0:1 - - [30/Nov/2020:20:48:57 +0700] "GET /js/main.js HTTP/1.1" 200 291
0:0:0:0:0:0:0:1 - - [30/Nov/2020:20:48:58 +0700] "GET /favicon.ico HTTP/1.1" 200 2862
0:0:0:0:0:0:0:1 - - [30/Nov/2020:20:49:12 +0700] "GET /transactions HTTP/1.1" 200 1284
0:0:0:0:0:0:0:1 - - [30/Nov/2020:20:49:12 +0700] "GET /js/main.js HTTP/1.1" 304 -
0:0:0:0:0:0:0:1 - - [30/Nov/2020:20:49:12 +0700] "GET /css/style.css HTTP/1.1" 304 -
0:0:0:0:0:0:0:1 - - [30/Nov/2020:20:49:14 +0700] "GET /categories HTTP/1.1" 200 1311
0:0:0:0:0:0:0:1 - - [30/Nov/2020:20:49:16 +0700] "GET /transactions HTTP/1.1" 200 1284
0:0:0:0:0:0:0:1 - - [30/Nov/2020:20:49:16 +0700] "GET /css/style.css HTTP/1.1" 304 -
0:0:0:0:0:0:0:1 - - [30/Nov/2020:20:49:16 +0700] "GET /js/main.js HTTP/1.1" 304 -
0:0:0:0:0:0:0:1 - - [30/Nov/2020:20:49:20 +0700] "GET /transactions HTTP/1.1" 200 1284
0:0:0:0:0:0:0:1 - - [30/Nov/2020:20:49:20 +0700] "GET /css/style.css HTTP/1.1" 304 -
0:0:0:0:0:0:0:1 - - [30/Nov/2020:20:49:20 +0700] "GET /js/main.js HTTP/1.1" 304 -
0:0:0:0:0:0:0:1 - - [30/Nov/2020:20:49:43 +0700] "GET /transactions HTTP/1.1" 200 1284
0:0:0:0:0:0:0:1 - - [30/Nov/2020:20:49:43 +0700] "GET /css/style.css HTTP/1.1" 304 -
0:0:0:0:0:0:0:1 - - [30/Nov/2020:20:49:43 +0700] "GET /js/main.js HTTP/1.1" 304 -
0:0:0:0:0:0:0:1 - - [30/Nov/2020:20:50:27 +0700] "GET /transactions HTTP/1.1" 200 1284
0:0:0:0:0:0:0:1 - - [30/Nov/2020:20:50:28 +0700] "GET /css/style.css HTTP/1.1" 304 -
0:0:0:0:0:0:0:1 - - [30/Nov/2020:20:50:28 +0700] "GET /js/main.js HTTP/1.1" 304 -
0:0:0:0:0:0:0:1 - - [30/Nov/2020:20:50:28 +0700] "GET /favicon.ico HTTP/1.1" 200 2862
0:0:0:0:0:0:0:1 - - [30/Nov/2020:20:53:00 +0700] "GET /transactions HTTP/1.1" 200 1284
0:0:0:0:0:0:0:1 - - [30/Nov/2020:20:53:00 +0700] "GET /css/bootstrap.min.css HTTP/1.1" 304 -
0:0:0:0:0:0:0:1 - - [30/Nov/2020:20:53:00 +0700] "GET /css/style.css HTTP/1.1" 304 -
0:0:0:0:0:0:0:1 - - [30/Nov/2020:20:53:00 +0700] "GET /js/main.js HTTP/1.1" 200 291
0:0:0:0:0:0:0:1 - - [30/Nov/2020:20:53:00 +0700] "GET /favicon.ico HTTP/1.1" 200 2862
0:0:0:0:0:0:0:1 - - [30/Nov/2020:20:53:55 +0700] "GET /categories HTTP/1.1" 200 1311
0:0:0:0:0:0:0:1 - - [30/Nov/2020:20:53:55 +0700] "GET /css/style.css HTTP/1.1" 304 -
0:0:0:0:0:0:0:1 - - [30/Nov/2020:20:53:55 +0700] "GET /js/main.js HTTP/1.1" 304 -
0:0:0:0:0:0:0:1 - - [30/Nov/2020:20:53:57 +0700] "GET /transactions HTTP/1.1" 200 1284
0:0:0:0:0:0:0:1 - - [30/Nov/2020:20:53:59 +0700] "GET /categories HTTP/1.1" 200 1311
0:0:0:0:0:0:0:1 - - [30/Nov/2020:20:54:00 +0700] "GET /transactions HTTP/1.1" 200 1284
0:0:0:0:0:0:0:1 - - [30/Nov/2020:21:01:52 +0700] "GET /transactions HTTP/1.1" 200 1272
0:0:0:0:0:0:0:1 - - [30/Nov/2020:21:01:52 +0700] "GET /css/style.css HTTP/1.1" 304 -
0:0:0:0:0:0:0:1 - - [30/Nov/2020:21:01:52 +0700] "GET /css/bootstrap.min.css HTTP/1.1" 304 -
0:0:0:0:0:0:0:1 - - [30/Nov/2020:21:01:52 +0700] "GET /js/main.js HTTP/1.1" 200 295
0:0:0:0:0:0:0:1 - - [30/Nov/2020:21:01:53 +0700] "GET /favicon.ico HTTP/1.1" 200 2862
0:0:0:0:0:0:0:1 - - [30/Nov/2020:21:01:54 +0700] "GET /categories HTTP/1.1" 200 1299
0:0:0:0:0:0:0:1 - - [30/Nov/2020:21:01:55 +0700] "GET /js/main.js HTTP/1.1" 304 -
0:0:0:0:0:0:0:1 - - [30/Nov/2020:21:01:56 +0700] "GET /transactions HTTP/1.1" 200 1272
0:0:0:0:0:0:0:1 - - [30/Nov/2020:21:01:57 +0700] "GET /js/main.js HTTP/1.1" 304 -
0:0:0:0:0:0:0:1 - - [30/Nov/2020:21:02:10 +0700] "GET /categories HTTP/1.1" 200 1299
0:0:0:0:0:0:0:1 - - [30/Nov/2020:21:02:11 +0700] "GET /js/main.js HTTP/1.1" 304 -
0:0:0:0:0:0:0:1 - - [30/Nov/2020:21:02:13 +0700] "GET /transactions HTTP/1.1" 200 1272
0:0:0:0:0:0:0:1 - - [30/Nov/2020:21:07:22 +0700] "GET /transactions HTTP/1.1" 200 1280
0:0:0:0:0:0:0:1 - - [30/Nov/2020:21:07:22 +0700] "GET /css/bootstrap.min.css HTTP/1.1" 304 -
0:0:0:0:0:0:0:1 - - [30/Nov/2020:21:07:22 +0700] "GET /css/style.css HTTP/1.1" 200 367
0:0:0:0:0:0:0:1 - - [30/Nov/2020:21:07:22 +0700] "GET /js/main.js HTTP/1.1" 304 -
0:0:0:0:0:0:0:1 - - [30/Nov/2020:21:07:32 +0700] "GET /favicon.ico HTTP/1.1" 200 2862
0:0:0:0:0:0:0:1 - - [30/Nov/2020:21:07:38 +0700] "GET /transactions HTTP/1.1" 200 1280
0:0:0:0:0:0:0:1 - - [30/Nov/2020:21:07:38 +0700] "GET /css/style.css HTTP/1.1" 304 -
0:0:0:0:0:0:0:1 - - [30/Nov/2020:21:07:39 +0700] "GET /transactions HTTP/1.1" 200 1280
0:0:0:0:0:0:0:1 - - [30/Nov/2020:21:07:41 +0700] "GET /categories HTTP/1.1" 200 1307
0:0:0:0:0:0:0:1 - - [30/Nov/2020:21:07:44 +0700] "GET /transactions HTTP/1.1" 200 1280
0:0:0:0:0:0:0:1 - - [30/Nov/2020:21:10:02 +0700] "GET /transactions HTTP/1.1" 200 1622
0:0:0:0:0:0:0:1 - - [30/Nov/2020:21:10:02 +0700] "GET /css/style.css HTTP/1.1" 304 -
0:0:0:0:0:0:0:1 - - [30/Nov/2020:21:10:02 +0700] "GET /js/main.js HTTP/1.1" 304 -
0:0:0:0:0:0:0:1 - - [30/Nov/2020:21:10:02 +0700] "GET /favicon.ico HTTP/1.1" 200 2862
0:0:0:0:0:0:0:1 - - [30/Nov/2020:21:10:04 +0700] "GET /transactions HTTP/1.1" 200 1622
0:0:0:0:0:0:0:1 - - [30/Nov/2020:21:10:05 +0700] "GET /categories HTTP/1.1" 200 1649
0:0:0:0:0:0:0:1 - - [30/Nov/2020:21:10:06 +0700] "GET /transactions HTTP/1.1" 200 1622
0:0:0:0:0:0:0:1 - - [30/Nov/2020:21:10:45 +0700] "GET /css/style.css HTTP/1.1" 304 -
0:0:0:0:0:0:0:1 - - [30/Nov/2020:21:11:49 +0700] "GET /transactions HTTP/1.1" 200 1623
0:0:0:0:0:0:0:1 - - [30/Nov/2020:21:11:49 +0700] "GET /css/style.css HTTP/1.1" 304 -
0:0:0:0:0:0:0:1 - - [30/Nov/2020:21:11:49 +0700] "GET /js/main.js HTTP/1.1" 304 -
0:0:0:0:0:0:0:1 - - [30/Nov/2020:21:11:49 +0700] "GET /favicon.ico HTTP/1.1" 200 2862
0:0:0:0:0:0:0:1 - - [30/Nov/2020:21:11:51 +0700] "GET /transactions HTTP/1.1" 200 1623
0:0:0:0:0:0:0:1 - - [30/Nov/2020:21:11:52 +0700] "GET /categories HTTP/1.1" 200 1650
0:0:0:0:0:0:0:1 - - [30/Nov/2020:21:11:58 +0700] "GET /transactions HTTP/1.1" 200 1623
0:0:0:0:0:0:0:1 - - [30/Nov/2020:21:12:05 +0700] "GET /categories HTTP/1.1" 200 1650
0:0:0:0:0:0:0:1 - - [30/Nov/2020:21:12:56 +0700] "GET /categories HTTP/1.1" 200 1650
0:0:0:0:0:0:0:1 - - [30/Nov/2020:21:12:56 +0700] "GET /css/bootstrap.min.css HTTP/1.1" 304 -
0:0:0:0:0:0:0:1 - - [30/Nov/2020:21:12:56 +0700] "GET /css/style.css HTTP/1.1" 304 -
0:0:0:0:0:0:0:1 - - [30/Nov/2020:21:12:56 +0700] "GET /js/main.js HTTP/1.1" 304 -
0:0:0:0:0:0:0:1 - - [30/Nov/2020:21:12:56 +0700] "GET /favicon.ico HTTP/1.1" 200 2862
0:0:0:0:0:0:0:1 - - [30/Nov/2020:21:16:04 +0700] "GET /categories HTTP/1.1" 200 1537
0:0:0:0:0:0:0:1 - - [30/Nov/2020:21:16:04 +0700] "GET /css/style.css HTTP/1.1" 304 -
0:0:0:0:0:0:0:1 - - [30/Nov/2020:21:16:04 +0700] "GET /js/main.js HTTP/1.1" 304 -
0:0:0:0:0:0:0:1 - - [30/Nov/2020:21:16:05 +0700] "GET /favicon.ico HTTP/1.1" 200 2862
0:0:0:0:0:0:0:1 - - [30/Nov/2020:21:16:06 +0700] "GET /transactions HTTP/1.1" 200 1510
0:0:0:0:0:0:0:1 - - [30/Nov/2020:21:16:07 +0700] "GET /categories HTTP/1.1" 200 1537
0:0:0:0:0:0:0:1 - - [30/Nov/2020:21:16:54 +0700] "GET /categories HTTP/1.1" 200 1286
0:0:0:0:0:0:0:1 - - [30/Nov/2020:21:16:54 +0700] "GET /favicon.ico HTTP/1.1" 200 2862
0:0:0:0:0:0:0:1 - - [30/Nov/2020:21:16:55 +0700] "GET /transactions HTTP/1.1" 200 1259
0:0:0:0:0:0:0:1 - - [30/Nov/2020:21:16:56 +0700] "GET /categories HTTP/1.1" 200 1286
0:0:0:0:0:0:0:1 - - [30/Nov/2020:21:20:17 +0700] "GET /categories HTTP/1.1" 200 1443
0:0:0:0:0:0:0:1 - - [30/Nov/2020:21:20:17 +0700] "GET /css/bootstrap.min.css HTTP/1.1" 304 -
0:0:0:0:0:0:0:1 - - [30/Nov/2020:21:20:17 +0700] "GET /js/main.js HTTP/1.1" 304 -
0:0:0:0:0:0:0:1 - - [30/Nov/2020:21:20:17 +0700] "GET /css/style.css HTTP/1.1" 200 428
0:0:0:0:0:0:0:1 - - [30/Nov/2020:21:20:18 +0700] "GET /favicon.ico HTTP/1.1" 200 2862
0:0:0:0:0:0:0:1 - - [30/Nov/2020:21:20:19 +0700] "GET /categories HTTP/1.1" 200 1443
0:0:0:0:0:0:0:1 - - [30/Nov/2020:21:20:19 +0700] "GET /css/style.css HTTP/1.1" 304 -
0:0:0:0:0:0:0:1 - - [30/Nov/2020:21:20:20 +0700] "GET /transactions HTTP/1.1" 200 1416
0:0:0:0:0:0:0:1 - - [30/Nov/2020:21:20:20 +0700] "GET /css/style.css HTTP/1.1" 304 -
0:0:0:0:0:0:0:1 - - [30/Nov/2020:21:20:31 +0700] "GET /favicon.ico HTTP/1.1" 304 -
0:0:0:0:0:0:0:1 - - [30/Nov/2020:21:25:38 +0700] "GET /transactions HTTP/1.1" 200 1446
0:0:0:0:0:0:0:1 - - [30/Nov/2020:21:25:38 +0700] "GET /css/style.css HTTP/1.1" 304 -
0:0:0:0:0:0:0:1 - - [30/Nov/2020:21:25:38 +0700] "GET /js/main.js HTTP/1.1" 304 -
0:0:0:0:0:0:0:1 - - [30/Nov/2020:21:25:38 +0700] "GET /favicon.ico HTTP/1.1" 200 2862
0:0:0:0:0:0:0:1 - - [30/Nov/2020:21:25:47 +0700] "GET /categories HTTP/1.1" 200 1473
0:0:0:0:0:0:0:1 - - [30/Nov/2020:21:28:25 +0700] "GET /categories HTTP/1.1" 200 1299
0:0:0:0:0:0:0:1 - - [30/Nov/2020:21:28:26 +0700] "GET /css/bootstrap.min.css HTTP/1.1" 304 -
0:0:0:0:0:0:0:1 - - [30/Nov/2020:21:28:26 +0700] "GET /css/style.css HTTP/1.1" 304 -
0:0:0:0:0:0:0:1 - - [30/Nov/2020:21:28:26 +0700] "GET /js/main.js HTTP/1.1" 304 -
0:0:0:0:0:0:0:1 - - [30/Nov/2020:21:28:27 +0700] "GET /favicon.ico HTTP/1.1" 200 2862
0:0:0:0:0:0:0:1 - - [30/Nov/2020:21:29:45 +0700] "GET /categories HTTP/1.1" 200 1299
0:0:0:0:0:0:0:1 - - [30/Nov/2020:21:29:46 +0700] "GET /css/style.css HTTP/1.1" 304 -
0:0:0:0:0:0:0:1 - - [30/Nov/2020:21:29:46 +0700] "GET /favicon.ico HTTP/1.1" 200 2862
0:0:0:0:0:0:0:1 - - [30/Nov/2020:21:29:47 +0700] "GET /transactions HTTP/1.1" 200 1272
0:0:0:0:0:0:0:1 - - [30/Nov/2020:21:29:49 +0700] "GET /categories HTTP/1.1" 200 1299
0:0:0:0:0:0:0:1 - - [30/Nov/2020:21:29:52 +0700] "GET /transactions HTTP/1.1" 200 1272
0:0:0:0:0:0:0:1 - - [30/Nov/2020:21:29:53 +0700] "GET /categories HTTP/1.1" 200 1299
0:0:0:0:0:0:0:1 - - [30/Nov/2020:21:29:54 +0700] "GET /transactions HTTP/1.1" 200 1272
0:0:0:0:0:0:0:1 - - [30/Nov/2020:21:29:55 +0700] "GET /create HTTP/1.1" 404 949
0:0:0:0:0:0:0:1 - - [30/Nov/2020:21:30:07 +0700] "GET /transactions HTTP/1.1" 200 1272
0:0:0:0:0:0:0:1 - - [30/Nov/2020:21:30:08 +0700] "GET /categories HTTP/1.1" 200 1299
0:0:0:0:0:0:0:1 - - [30/Nov/2020:21:30:09 +0700] "GET /transactions HTTP/1.1" 200 1272
0:0:0:0:0:0:0:1 - - [30/Nov/2020:21:30:10 +0700] "GET /categories HTTP/1.1" 200 1299
0:0:0:0:0:0:0:1 - - [30/Nov/2020:21:30:32 +0700] "GET / HTTP/1.1" 200 858
0:0:0:0:0:0:0:1 - - [30/Nov/2020:21:30:35 +0700] "GET /transactions HTTP/1.1" 200 1272
0:0:0:0:0:0:0:1 - - [30/Nov/2020:21:35:20 +0700] "GET / HTTP/1.1" 200 858
0:0:0:0:0:0:0:1 - - [30/Nov/2020:21:35:21 +0700] "GET /css/style.css HTTP/1.1" 304 -
0:0:0:0:0:0:0:1 - - [30/Nov/2020:21:35:21 +0700] "GET /js/main.js HTTP/1.1" 304 -
0:0:0:0:0:0:0:1 - - [30/Nov/2020:21:36:41 +0700] "GET /categories HTTP/1.1" 200 1299
0:0:0:0:0:0:0:1 - - [30/Nov/2020:21:36:41 +0700] "GET /css/bootstrap.min.css HTTP/1.1" 304 -
0:0:0:0:0:0:0:1 - - [30/Nov/2020:21:36:42 +0700] "GET /transactions HTTP/1.1" 200 1272
0:0:0:0:0:0:0:1 - - [30/Nov/2020:21:36:45 +0700] "GET /create HTTP/1.1" 404 949
0:0:0:0:0:0:0:1 - - [30/Nov/2020:21:36:48 +0700] "GET /transactions HTTP/1.1" 200 1272
0:0:0:0:0:0:0:1 - - [30/Nov/2020:21:36:50 +0700] "GET /categories HTTP/1.1" 200 1299
0:0:0:0:0:0:0:1 - - [30/Nov/2020:21:39:01 +0700] "GET /transactions HTTP/1.1" 200 1272
0:0:0:0:0:0:0:1 - - [30/Nov/2020:21:39:01 +0700] "GET /css/style.css HTTP/1.1" 304 -
0:0:0:0:0:0:0:1 - - [30/Nov/2020:21:39:01 +0700] "GET /js/main.js HTTP/1.1" 304 -
0:0:0:0:0:0:0:1 - - [30/Nov/2020:21:53:28 +0700] "GET /transactions HTTP/1.1" 200 1272
0:0:0:0:0:0:0:1 - - [30/Nov/2020:21:53:29 +0700] "GET /css/bootstrap.min.css HTTP/1.1" 304 -
0:0:0:0:0:0:0:1 - - [30/Nov/2020:21:53:29 +0700] "GET /css/style.css HTTP/1.1" 304 -
0:0:0:0:0:0:0:1 - - [30/Nov/2020:21:53:29 +0700] "GET /js/main.js HTTP/1.1" 304 -
0:0:0:0:0:0:0:1 - - [30/Nov/2020:21:53:29 +0700] "GET /favicon.ico HTTP/1.1" 200 2862
0:0:0:0:0:0:0:1 - - [30/Nov/2020:22:02:20 +0700] "GET / HTTP/1.1" 200 858
0:0:0:0:0:0:0:1 - - [30/Nov/2020:22:02:20 +0700] "GET /js/main.js HTTP/1.1" 304 -
0:0:0:0:0:0:0:1 - - [30/Nov/2020:22:02:20 +0700] "GET /css/style.css HTTP/1.1" 304 -
0:0:0:0:0:0:0:1 - - [30/Nov/2020:22:02:22 +0700] "GET /transactions HTTP/1.1" 200 1272
0:0:0:0:0:0:0:1 - - [30/Nov/2020:22:02:27 +0700] "GET /create HTTP/1.1" 400 968
0:0:0:0:0:0:0:1 - - [30/Nov/2020:22:03:48 +0700] "GET /create HTTP/1.1" 200 1417
0:0:0:0:0:0:0:1 - - [30/Nov/2020:22:03:48 +0700] "GET /css/bootstrap.min.css HTTP/1.1" 304 -
0:0:0:0:0:0:0:1 - - [30/Nov/2020:22:03:49 +0700] "GET /favicon.ico HTTP/1.1" 200 2862
0:0:0:0:0:0:0:1 - - [30/Nov/2020:22:03:50 +0700] "GET /transactions HTTP/1.1" 200 1272
0:0:0:0:0:0:0:1 - - [30/Nov/2020:22:03:51 +0700] "GET /create HTTP/1.1" 200 1417
0:0:0:0:0:0:0:1 - - [30/Nov/2020:22:03:52 +0700] "GET /categories HTTP/1.1" 200 1299
0:0:0:0:0:0:0:1 - - [30/Nov/2020:22:03:53 +0700] "GET /transactions HTTP/1.1" 200 1272
0:0:0:0:0:0:0:1 - - [30/Nov/2020:22:05:50 +0700] "GET /transactions HTTP/1.1" 200 1272
0:0:0:0:0:0:0:1 - - [30/Nov/2020:22:05:50 +0700] "GET /favicon.ico HTTP/1.1" 200 2862
0:0:0:0:0:0:0:1 - - [30/Nov/2020:22:05:51 +0700] "GET /create HTTP/1.1" 200 1417
0:0:0:0:0:0:0:1 - - [30/Nov/2020:22:05:53 +0700] "POST /?transactionForm HTTP/1.1" 200 1583
0:0:0:0:0:0:0:1 - - [30/Nov/2020:22:05:56 +0700] "POST /?transactionForm HTTP/1.1" 200 1531
0:0:0:0:0:0:0:1 - - [30/Nov/2020:22:05:58 +0700] "POST /?transactionForm HTTP/1.1" 302 -
0:0:0:0:0:0:0:1 - - [30/Nov/2020:22:05:59 +0700] "GET /1 HTTP/1.1" 200 1388
0:0:0:0:0:0:0:1 - - [30/Nov/2020:22:06:10 +0700] "POST /?transactionForm HTTP/1.1" 302 -
0:0:0:0:0:0:0:1 - - [30/Nov/2020:22:06:10 +0700] "GET /2 HTTP/1.1" 200 1366
0:0:0:0:0:0:0:1 - - [30/Nov/2020:22:06:13 +0700] "GET / HTTP/1.1" 200 858
0:0:0:0:0:0:0:1 - - [30/Nov/2020:22:07:12 +0700] "GET /transactions HTTP/1.1" 200 1549
0:0:0:0:0:0:0:1 - - [30/Nov/2020:22:07:12 +0700] "GET /css/style.css HTTP/1.1" 304 -
0:0:0:0:0:0:0:1 - - [30/Nov/2020:22:07:13 +0700] "GET /categories HTTP/1.1" 200 1299
0:0:0:0:0:0:0:1 - - [30/Nov/2020:22:07:14 +0700] "GET /transactions HTTP/1.1" 200 1549
0:0:0:0:0:0:0:1 - - [30/Nov/2020:22:07:15 +0700] "GET /categories HTTP/1.1" 200 1299
0:0:0:0:0:0:0:1 - - [30/Nov/2020:22:07:17 +0700] "POST /?transactionForm HTTP/1.1" 302 -
0:0:0:0:0:0:0:1 - - [30/Nov/2020:22:07:17 +0700] "GET /3 HTTP/1.1" 200 1362
0:0:0:0:0:0:0:1 - - [30/Nov/2020:22:07:25 +0700] "GET /transactions HTTP/1.1" 200 1734
0:0:0:0:0:0:0:1 - - [30/Nov/2020:22:07:26 +0700] "GET /create HTTP/1.1" 200 1417
0:0:0:0:0:0:0:1 - - [30/Nov/2020:22:07:34 +0700] "POST /?transactionForm HTTP/1.1" 200 1527
0:0:0:0:0:0:0:1 - - [30/Nov/2020:22:07:36 +0700] "POST /?transactionForm HTTP/1.1" 302 -
0:0:0:0:0:0:0:1 - - [30/Nov/2020:22:07:36 +0700] "GET /4 HTTP/1.1" 200 1364
0:0:0:0:0:0:0:1 - - [30/Nov/2020:22:07:39 +0700] "GET /create HTTP/1.1" 200 1417
0:0:0:0:0:0:0:1 - - [30/Nov/2020:22:08:37 +0700] "GET /create HTTP/1.1" 200 1298
0:0:0:0:0:0:0:1 - - [30/Nov/2020:22:08:37 +0700] "GET /js/main.js HTTP/1.1" 304 -
0:0:0:0:0:0:0:1 - - [30/Nov/2020:22:08:38 +0700] "GET /favicon.ico HTTP/1.1" 200 2862
0:0:0:0:0:0:0:1 - - [30/Nov/2020:22:08:39 +0700] "GET /transactions HTTP/1.1" 200 1272
0:0:0:0:0:0:0:1 - - [30/Nov/2020:22:08:40 +0700] "GET /create HTTP/1.1" 200 1298
0:0:0:0:0:0:0:1 - - [30/Nov/2020:22:11:32 +0700] "GET /create HTTP/1.1" 200 1298
0:0:0:0:0:0:0:1 - - [30/Nov/2020:22:11:32 +0700] "GET /favicon.ico HTTP/1.1" 200 2862
0:0:0:0:0:0:0:1 - - [30/Nov/2020:22:11:33 +0700] "GET /create HTTP/1.1" 200 1298
0:0:0:0:0:0:0:1 - - [30/Nov/2020:22:11:34 +0700] "GET /transactions HTTP/1.1" 200 1272
0:0:0:0:0:0:0:1 - - [30/Nov/2020:22:11:35 +0700] "GET /categories HTTP/1.1" 200 1299
0:0:0:0:0:0:0:1 - - [30/Nov/2020:22:11:36 +0700] "GET /create HTTP/1.1" 200 1298
0:0:0:0:0:0:0:1 - - [30/Nov/2020:22:11:38 +0700] "GET /create HTTP/1.1" 200 1298
0:0:0:0:0:0:0:1 - - [30/Nov/2020:22:11:41 +0700] "POST /?transactionForm HTTP/1.1" 302 -
0:0:0:0:0:0:0:1 - - [30/Nov/2020:22:11:41 +0700] "GET /1 HTTP/1.1" 200 1362
0:0:0:0:0:0:0:1 - - [30/Nov/2020:22:13:14 +0700] "GET /1 HTTP/1.1" 404 949
0:0:0:0:0:0:0:1 - - [30/Nov/2020:22:13:14 +0700] "GET /favicon.ico HTTP/1.1" 200 2862
0:0:0:0:0:0:0:1 - - [30/Nov/2020:22:13:17 +0700] "GET /create HTTP/1.1" 200 1298
0:0:0:0:0:0:0:1 - - [30/Nov/2020:22:13:17 +0700] "GET /css/style.css HTTP/1.1" 304 -
0:0:0:0:0:0:0:1 - - [30/Nov/2020:22:13:17 +0700] "GET /favicon.ico HTTP/1.1" 200 2862
0:0:0:0:0:0:0:1 - - [30/Nov/2020:22:13:19 +0700] "POST /?transactionForm HTTP/1.1" 200 1464
0:0:0:0:0:0:0:1 - - [30/Nov/2020:22:13:21 +0700] "POST /?transactionForm HTTP/1.1" 200 1407
0:0:0:0:0:0:0:1 - - [30/Nov/2020:22:13:23 +0700] "POST /?transactionForm HTTP/1.1" 302 -
0:0:0:0:0:0:0:1 - - [30/Nov/2020:22:13:23 +0700] "GET /1 HTTP/1.1" 404 949
0:0:0:0:0:0:0:1 - - [30/Nov/2020:22:18:17 +0700] "POST /?transactionForm HTTP/1.1" 200 1407
0:0:0:0:0:0:0:1 - - [30/Nov/2020:22:18:18 +0700] "GET /css/bootstrap.min.css HTTP/1.1" 304 -
0:0:0:0:0:0:0:1 - - [30/Nov/2020:22:18:18 +0700] "GET /js/main.js HTTP/1.1" 304 -
0:0:0:0:0:0:0:1 - - [30/Nov/2020:22:18:18 +0700] "GET /favicon.ico HTTP/1.1" 200 2862
0:0:0:0:0:0:0:1 - - [30/Nov/2020:22:18:21 +0700] "POST /?transactionForm HTTP/1.1" 200 1407
0:0:0:0:0:0:0:1 - - [30/Nov/2020:22:18:22 +0700] "GET /favicon.ico HTTP/1.1" 200 2862
0:0:0:0:0:0:0:1 - - [30/Nov/2020:22:18:25 +0700] "POST /?transactionForm HTTP/1.1" 200 1407
0:0:0:0:0:0:0:1 - - [30/Nov/2020:22:18:25 +0700] "GET /favicon.ico HTTP/1.1" 200 2862
0:0:0:0:0:0:0:1 - - [30/Nov/2020:22:18:28 +0700] "GET /transactions HTTP/1.1" 200 1272
0:0:0:0:0:0:0:1 - - [30/Nov/2020:22:18:29 +0700] "GET /create HTTP/1.1" 200 1298
0:0:0:0:0:0:0:1 - - [30/Nov/2020:22:18:31 +0700] "GET /create HTTP/1.1" 200 1298
0:0:0:0:0:0:0:1 - - [30/Nov/2020:22:18:31 +0700] "GET /favicon.ico HTTP/1.1" 200 2862
0:0:0:0:0:0:0:1 - - [30/Nov/2020:22:18:35 +0700] "POST /?transactionForm HTTP/1.1" 302 -
0:0:0:0:0:0:0:1 - - [30/Nov/2020:22:18:35 +0700] "GET /transactions HTTP/1.1" 200 1349
0:0:0:0:0:0:0:1 - - [30/Nov/2020:22:18:38 +0700] "GET /create HTTP/1.1" 200 1298
0:0:0:0:0:0:0:1 - - [30/Nov/2020:22:18:39 +0700] "GET /css/style.css HTTP/1.1" 304 -
0:0:0:0:0:0:0:1 - - [30/Nov/2020:22:18:42 +0700] "GET /create HTTP/1.1" 200 1298
0:0:0:0:0:0:0:1 - - [30/Nov/2020:22:18:42 +0700] "GET /favicon.ico HTTP/1.1" 200 2862
0:0:0:0:0:0:0:1 - - [30/Nov/2020:22:18:43 +0700] "GET /create HTTP/1.1" 200 1298
0:0:0:0:0:0:0:1 - - [30/Nov/2020:22:18:44 +0700] "GET /favicon.ico HTTP/1.1" 200 2862
0:0:0:0:0:0:0:1 - - [30/Nov/2020:22:18:45 +0700] "GET /transactions HTTP/1.1" 200 1349
0:0:0:0:0:0:0:1 - - [30/Nov/2020:22:18:46 +0700] "GET /categories HTTP/1.1" 200 1299
0:0:0:0:0:0:0:1 - - [30/Nov/2020:22:18:53 +0700] "POST /?transactionForm HTTP/1.1" 200 1464
0:0:0:0:0:0:0:1 - - [30/Nov/2020:22:18:57 +0700] "POST /?transactionForm HTTP/1.1" 302 -
0:0:0:0:0:0:0:1 - - [30/Nov/2020:22:18:57 +0700] "GET /transactions HTTP/1.1" 200 1534
0:0:0:0:0:0:0:1 - - [30/Nov/2020:22:19:01 +0700] "GET /categories HTTP/1.1" 200 1299
0:0:0:0:0:0:0:1 - - [30/Nov/2020:22:19:58 +0700] "GET /transactions HTTP/1.1" 200 1272
0:0:0:0:0:0:0:1 - - [30/Nov/2020:22:20:00 +0700] "GET /create HTTP/1.1" 200 1298
0:0:0:0:0:0:0:1 - - [30/Nov/2020:22:20:03 +0700] "POST /?transactionForm HTTP/1.1" 302 -
0:0:0:0:0:0:0:1 - - [30/Nov/2020:22:20:03 +0700] "GET /transactions HTTP/1.1" 200 1349
0:0:0:0:0:0:0:1 - - [30/Nov/2020:22:20:04 +0700] "GET /categories HTTP/1.1" 200 1299
0:0:0:0:0:0:0:1 - - [30/Nov/2020:22:20:07 +0700] "POST /?transactionForm HTTP/1.1" 302 -
0:0:0:0:0:0:0:1 - - [30/Nov/2020:22:20:07 +0700] "GET /transactions HTTP/1.1" 200 1537
0:0:0:0:0:0:0:1 - - [30/Nov/2020:22:20:09 +0700] "GET /categories HTTP/1.1" 200 1299
0:0:0:0:0:0:0:1 - - [30/Nov/2020:22:20:10 +0700] "GET /transactions HTTP/1.1" 200 1537
0:0:0:0:0:0:0:1 - - [30/Nov/2020:22:20:11 +0700] "GET /create HTTP/1.1" 200 1298
0:0:0:0:0:0:0:1 - - [30/Nov/2020:22:20:13 +0700] "GET /create HTTP/1.1" 200 1298
0:0:0:0:0:0:0:1 - - [30/Nov/2020:22:20:15 +0700] "GET /create HTTP/1.1" 200 1298
0:0:0:0:0:0:0:1 - - [30/Nov/2020:22:20:16 +0700] "GET /favicon.ico HTTP/1.1" 200 2862
0:0:0:0:0:0:0:1 - - [30/Nov/2020:22:20:17 +0700] "GET /transactions HTTP/1.1" 200 1537
0:0:0:0:0:0:0:1 - - [30/Nov/2020:22:20:17 +0700] "GET /transactions HTTP/1.1" 200 1537
0:0:0:0:0:0:0:1 - - [30/Nov/2020:22:20:18 +0700] "GET /favicon.ico HTTP/1.1" 200 2862
0:0:0:0:0:0:0:1 - - [30/Nov/2020:22:21:12 +0700] "GET /create HTTP/1.1" 200 1298
0:0:0:0:0:0:0:1 - - [30/Nov/2020:22:21:14 +0700] "POST /?transactionForm HTTP/1.1" 200 1408
0:0:0:0:0:0:0:1 - - [30/Nov/2020:22:21:16 +0700] "POST /?transactionForm HTTP/1.1" 302 -
0:0:0:0:0:0:0:1 - - [30/Nov/2020:22:21:16 +0700] "GET /transactions HTTP/1.1" 200 1723
0:0:0:0:0:0:0:1 - - [30/Nov/2020:22:21:18 +0700] "GET /1 HTTP/1.1" 404 949
0:0:0:0:0:0:0:1 - - [30/Nov/2020:22:23:20 +0700] "GET / HTTP/1.1" 200 858
0:0:0:0:0:0:0:1 - - [30/Nov/2020:22:23:20 +0700] "GET /favicon.ico HTTP/1.1" 200 2862
0:0:0:0:0:0:0:1 - - [30/Nov/2020:22:23:24 +0700] "GET / HTTP/1.1" 200 858
0:0:0:0:0:0:0:1 - - [30/Nov/2020:22:23:24 +0700] "GET /favicon.ico HTTP/1.1" 200 2862
0:0:0:0:0:0:0:1 - - [30/Nov/2020:22:23:25 +0700] "GET /create HTTP/1.1" 200 1298
0:0:0:0:0:0:0:1 - - [30/Nov/2020:22:23:26 +0700] "GET /transactions HTTP/1.1" 200 1272
0:0:0:0:0:0:0:1 - - [30/Nov/2020:22:23:27 +0700] "GET /categories HTTP/1.1" 200 1299
0:0:0:0:0:0:0:1 - - [30/Nov/2020:22:23:28 +0700] "GET /transactions HTTP/1.1" 200 1272
0:0:0:0:0:0:0:1 - - [30/Nov/2020:22:23:31 +0700] "GET /categories HTTP/1.1" 200 1299
0:0:0:0:0:0:0:1 - - [30/Nov/2020:22:23:34 +0700] "POST /?transactionForm HTTP/1.1" 200 1406
0:0:0:0:0:0:0:1 - - [30/Nov/2020:22:23:37 +0700] "POST /?transactionForm HTTP/1.1" 302 -
0:0:0:0:0:0:0:1 - - [30/Nov/2020:22:23:37 +0700] "GET /transactions HTTP/1.1" 200 1304
0:0:0:0:0:0:0:1 - - [30/Nov/2020:22:23:42 +0700] "GET /create HTTP/1.1" 200 1298
0:0:0:0:0:0:0:1 - - [30/Nov/2020:22:23:45 +0700] "POST /?transactionForm HTTP/1.1" 302 -
0:0:0:0:0:0:0:1 - - [30/Nov/2020:22:23:45 +0700] "GET /transactions HTTP/1.1" 200 1445
0:0:0:0:0:0:0:1 - - [30/Nov/2020:22:23:47 +0700] "GET /create HTTP/1.1" 200 1298
0:0:0:0:0:0:0:1 - - [30/Nov/2020:22:23:48 +0700] "GET /categories HTTP/1.1" 200 1299
0:0:0:0:0:0:0:1 - - [30/Nov/2020:22:23:52 +0700] "POST /?transactionForm HTTP/1.1" 302 -
0:0:0:0:0:0:0:1 - - [30/Nov/2020:22:23:52 +0700] "GET /transactions HTTP/1.1" 200 1586
0:0:0:0:0:0:0:1 - - [30/Nov/2020:22:23:54 +0700] "GET /create HTTP/1.1" 200 1298
0:0:0:0:0:0:0:1 - - [30/Nov/2020:22:24:21 +0700] "GET /transactions HTTP/1.1" 200 1586
0:0:0:0:0:0:0:1 - - [30/Nov/2020:22:25:50 +0700] "GET /transactions HTTP/1.1" 200 1272
0:0:0:0:0:0:0:1 - - [30/Nov/2020:22:25:50 +0700] "GET /css/style.css HTTP/1.1" 304 -
0:0:0:0:0:0:0:1 - - [30/Nov/2020:22:25:50 +0700] "GET /favicon.ico HTTP/1.1" 200 2862
0:0:0:0:0:0:0:1 - - [30/Nov/2020:22:25:51 +0700] "GET /create HTTP/1.1" 200 1399
0:0:0:0:0:0:0:1 - - [30/Nov/2020:22:25:53 +0700] "GET /transactions HTTP/1.1" 200 1272
0:0:0:0:0:0:0:1 - - [30/Nov/2020:22:25:54 +0700] "GET /categories HTTP/1.1" 200 1299
0:0:0:0:0:0:0:1 - - [30/Nov/2020:22:25:54 +0700] "GET /transactions HTTP/1.1" 200 1272
0:0:0:0:0:0:0:1 - - [30/Nov/2020:22:25:55 +0700] "GET /create HTTP/1.1" 200 1399
0:0:0:0:0:0:0:1 - - [30/Nov/2020:22:27:53 +0700] "GET / HTTP/1.1" 200 858
0:0:0:0:0:0:0:1 - - [30/Nov/2020:22:27:54 +0700] "GET /js/main.js HTTP/1.1" 304 -
0:0:0:0:0:0:0:1 - - [30/Nov/2020:22:27:54 +0700] "GET /favicon.ico HTTP/1.1" 200 2862
0:0:0:0:0:0:0:1 - - [30/Nov/2020:22:27:55 +0700] "GET /create HTTP/1.1" 200 1399
0:0:0:0:0:0:0:1 - - [30/Nov/2020:22:27:57 +0700] "GET /transactions HTTP/1.1" 200 1272
0:0:0:0:0:0:0:1 - - [30/Nov/2020:22:27:58 +0700] "GET /categories HTTP/1.1" 200 1299
0:0:0:0:0:0:0:1 - - [30/Nov/2020:22:28:00 +0700] "GET /transactions HTTP/1.1" 200 1272
0:0:0:0:0:0:0:1 - - [30/Nov/2020:22:28:01 +0700] "GET /categories HTTP/1.1" 200 1299
0:0:0:0:0:0:0:1 - - [30/Nov/2020:22:28:03 +0700] "POST /?transactionForm HTTP/1.1" 200 1565
0:0:0:0:0:0:0:1 - - [30/Nov/2020:22:28:06 +0700] "POST /?transactionForm HTTP/1.1" 302 -
0:0:0:0:0:0:0:1 - - [30/Nov/2020:22:28:06 +0700] "GET /transactions HTTP/1.1" 200 1307
0:0:0:0:0:0:0:1 - - [30/Nov/2020:22:28:14 +0700] "GET /categories HTTP/1.1" 200 1299
0:0:0:0:0:0:0:1 - - [30/Nov/2020:22:28:19 +0700] "POST /?transactionForm HTTP/1.1" 302 -
0:0:0:0:0:0:0:1 - - [30/Nov/2020:22:28:19 +0700] "GET /transactions HTTP/1.1" 200 1449
0:0:0:0:0:0:0:1 - - [30/Nov/2020:22:28:21 +0700] "GET /create HTTP/1.1" 200 1399
0:0:0:0:0:0:0:1 - - [30/Nov/2020:22:28:23 +0700] "GET /categories HTTP/1.1" 200 1299
0:0:0:0:0:0:0:1 - - [30/Nov/2020:22:28:24 +0700] "GET /create HTTP/1.1" 200 1399
0:0:0:0:0:0:0:1 - - [30/Nov/2020:22:28:25 +0700] "POST /?transactionForm HTTP/1.1" 200 1565
0:0:0:0:0:0:0:1 - - [30/Nov/2020:22:28:29 +0700] "POST /?transactionForm HTTP/1.1" 302 -
0:0:0:0:0:0:0:1 - - [30/Nov/2020:22:28:29 +0700] "GET /transactions HTTP/1.1" 200 1591
0:0:0:0:0:0:0:1 - - [30/Nov/2020:22:28:31 +0700] "GET /categories HTTP/1.1" 200 1299
0:0:0:0:0:0:0:1 - - [30/Nov/2020:22:30:16 +0700] "GET /transactions HTTP/1.1" 200 1272
0:0:0:0:0:0:0:1 - - [30/Nov/2020:22:30:16 +0700] "GET /categories HTTP/1.1" 200 1299
0:0:0:0:0:0:0:1 - - [30/Nov/2020:22:30:17 +0700] "GET /transactions HTTP/1.1" 200 1272
0:0:0:0:0:0:0:1 - - [30/Nov/2020:22:30:18 +0700] "GET /categories HTTP/1.1" 200 1299
0:0:0:0:0:0:0:1 - - [30/Nov/2020:22:30:20 +0700] "POST /?transactionForm HTTP/1.1" 302 -
0:0:0:0:0:0:0:1 - - [30/Nov/2020:22:30:21 +0700] "GET /transactions HTTP/1.1" 200 1304
0:0:0:0:0:0:0:1 - - [30/Nov/2020:22:33:08 +0700] "GET /transactions HTTP/1.1" 200 1272
0:0:0:0:0:0:0:1 - - [30/Nov/2020:22:33:08 +0700] "GET /css/bootstrap.min.css HTTP/1.1" 304 -
0:0:0:0:0:0:0:1 - - [30/Nov/2020:22:33:08 +0700] "GET /css/style.css HTTP/1.1" 304 -
0:0:0:0:0:0:0:1 - - [30/Nov/2020:22:33:10 +0700] "GET /categories HTTP/1.1" 200 1299
0:0:0:0:0:0:0:1 - - [30/Nov/2020:22:33:13 +0700] "POST /?transactionForm HTTP/1.1" 302 -
0:0:0:0:0:0:0:1 - - [30/Nov/2020:22:33:13 +0700] "GET /transactions HTTP/1.1" 200 1304
0:0:0:0:0:0:0:1 - - [30/Nov/2020:22:33:16 +0700] "GET /create HTTP/1.1" 200 1399
0:0:0:0:0:0:0:1 - - [30/Nov/2020:22:33:17 +0700] "GET /transactions HTTP/1.1" 200 1304
0:0:0:0:0:0:0:1 - - [30/Nov/2020:22:33:17 +0700] "GET /categories HTTP/1.1" 200 1299
0:0:0:0:0:0:0:1 - - [30/Nov/2020:22:35:08 +0700] "GET /transactions HTTP/1.1" 200 1272
0:0:0:0:0:0:0:1 - - [30/Nov/2020:22:35:09 +0700] "GET /create HTTP/1.1" 200 1399
0:0:0:0:0:0:0:1 - - [30/Nov/2020:22:35:10 +0700] "GET /categories HTTP/1.1" 500 11827
0:0:0:0:0:0:0:1 - - [30/Nov/2020:22:37:41 +0700] "GET / HTTP/1.1" 200 858
0:0:0:0:0:0:0:1 - - [30/Nov/2020:22:37:41 +0700] "GET /js/main.js HTTP/1.1" 304 -
0:0:0:0:0:0:0:1 - - [30/Nov/2020:22:37:42 +0700] "GET /categories HTTP/1.1" 500 11828
0:0:0:0:0:0:0:1 - - [30/Nov/2020:22:38:55 +0700] "GET /categories HTTP/1.1" 200 1299
0:0:0:0:0:0:0:1 - - [30/Nov/2020:22:38:55 +0700] "GET /favicon.ico HTTP/1.1" 200 2862
0:0:0:0:0:0:0:1 - - [30/Nov/2020:22:38:57 +0700] "GET /categories HTTP/1.1" 200 1299
0:0:0:0:0:0:0:1 - - [30/Nov/2020:22:38:57 +0700] "GET /transactions HTTP/1.1" 200 1272
0:0:0:0:0:0:0:1 - - [30/Nov/2020:22:38:59 +0700] "GET /categories HTTP/1.1" 200 1299
0:0:0:0:0:0:0:1 - - [30/Nov/2020:22:39:00 +0700] "GET /create HTTP/1.1" 200 1399
0:0:0:0:0:0:0:1 - - [30/Nov/2020:22:39:00 +0700] "GET /transactions HTTP/1.1" 200 1272
0:0:0:0:0:0:0:1 - - [30/Nov/2020:22:39:01 +0700] "GET /categories HTTP/1.1" 200 1299
0:0:0:0:0:0:0:1 - - [30/Nov/2020:22:39:05 +0700] "POST /?transactionForm HTTP/1.1" 302 -
0:0:0:0:0:0:0:1 - - [30/Nov/2020:22:39:05 +0700] "GET /transactions HTTP/1.1" 200 1302
0:0:0:0:0:0:0:1 - - [30/Nov/2020:22:40:18 +0700] "GET /favicon.ico HTTP/1.1" 304 -
0:0:0:0:0:0:0:1 - - [30/Nov/2020:22:41:32 +0700] "GET /transactions HTTP/1.1" 200 1272
0:0:0:0:0:0:0:1 - - [30/Nov/2020:22:41:32 +0700] "GET /css/style.css HTTP/1.1" 304 -
0:0:0:0:0:0:0:1 - - [30/Nov/2020:22:41:33 +0700] "GET /categories HTTP/1.1" 500 6018
0:0:0:0:0:0:0:1 - - [30/Nov/2020:22:50:39 +0700] "  ,c$n/j^J 8 g5Fi1@d|r" 505 -
0:0:0:0:0:0:0:1 - - [30/Nov/2020:22:50:39 +0700] "  ^)?0q<o:e^(6mc K"3Iz[gE$[ 2MV]" 400 -
0:0:0:0:0:0:0:1 - - [30/Nov/2020:22:51:30 +0700] "GET /categories HTTP/1.1" 500 11828
0:0:0:0:0:0:0:1 - - [30/Nov/2020:22:51:31 +0700] "GET /favicon.ico HTTP/1.1" 200 2862
0:0:0:0:0:0:0:1 - - [30/Nov/2020:22:52:48 +0700] "GET /categories HTTP/1.1" 500 11828
0:0:0:0:0:0:0:1 - - [30/Nov/2020:22:52:49 +0700] "GET /favicon.ico HTTP/1.1" 200 2862
0:0:0:0:0:0:0:1 - - [30/Nov/2020:22:52:50 +0700] "GET /categories HTTP/1.1" 500 11827
0:0:0:0:0:0:0:1 - - [30/Nov/2020:22:52:50 +0700] "GET /favicon.ico HTTP/1.1" 200 2862
0:0:0:0:0:0:0:1 - - [30/Nov/2020:23:01:21 +0700] "GET /categories HTTP/1.1" 200 1307
0:0:0:0:0:0:0:1 - - [30/Nov/2020:23:01:21 +0700] "GET /css/bootstrap.min.css HTTP/1.1" 304 -
0:0:0:0:0:0:0:1 - - [30/Nov/2020:23:01:21 +0700] "GET /js/main.js HTTP/1.1" 304 -
0:0:0:0:0:0:0:1 - - [30/Nov/2020:23:01:21 +0700] "GET /css/style.css HTTP/1.1" 304 -
0:0:0:0:0:0:0:1 - - [30/Nov/2020:23:01:21 +0700] "GET /favicon.ico HTTP/1.1" 200 2862
0:0:0:0:0:0:0:1 - - [30/Nov/2020:23:01:24 +0700] "POST /?transactionForm HTTP/1.1" 302 -
0:0:0:0:0:0:0:1 - - [30/Nov/2020:23:01:24 +0700] "GET /transactions HTTP/1.1" 200 1304
0:0:0:0:0:0:0:1 - - [30/Nov/2020:23:01:26 +0700] "GET /transactions HTTP/1.1" 200 1304
0:0:0:0:0:0:0:1 - - [30/Nov/2020:23:01:27 +0700] "GET /create HTTP/1.1" 200 1399
0:0:0:0:0:0:0:1 - - [30/Nov/2020:23:01:29 +0700] "GET /categories HTTP/1.1" 200 1307
0:0:0:0:0:0:0:1 - - [30/Nov/2020:23:01:32 +0700] "POST /?transactionForm HTTP/1.1" 200 1508
0:0:0:0:0:0:0:1 - - [30/Nov/2020:23:01:40 +0700] "POST /?transactionForm HTTP/1.1" 200 1508
0:0:0:0:0:0:0:1 - - [30/Nov/2020:23:01:42 +0700] "POST /?transactionForm HTTP/1.1" 200 1508
0:0:0:0:0:0:0:1 - - [30/Nov/2020:23:01:43 +0700] "POST /?transactionForm HTTP/1.1" 200 1508
0:0:0:0:0:0:0:1 - - [30/Nov/2020:23:01:44 +0700] "POST /?transactionForm HTTP/1.1" 200 1508
0:0:0:0:0:0:0:1 - - [30/Nov/2020:23:01:44 +0700] "POST /?transactionForm HTTP/1.1" 200 1508
0:0:0:0:0:0:0:1 - - [30/Nov/2020:23:01:44 +0700] "POST /?transactionForm HTTP/1.1" 200 1508
0:0:0:0:0:0:0:1 - - [30/Nov/2020:23:01:45 +0700] "POST /?transactionForm HTTP/1.1" 200 1508
0:0:0:0:0:0:0:1 - - [30/Nov/2020:23:01:45 +0700] "POST /?transactionForm HTTP/1.1" 200 1508
0:0:0:0:0:0:0:1 - - [30/Nov/2020:23:01:45 +0700] "POST /?transactionForm HTTP/1.1" 200 1508
0:0:0:0:0:0:0:1 - - [30/Nov/2020:23:01:46 +0700] "POST /?transactionForm HTTP/1.1" 200 1508
0:0:0:0:0:0:0:1 - - [30/Nov/2020:23:01:46 +0700] "POST /?transactionForm HTTP/1.1" 200 1508
0:0:0:0:0:0:0:1 - - [30/Nov/2020:23:01:46 +0700] "POST /?transactionForm HTTP/1.1" 200 1508
0:0:0:0:0:0:0:1 - - [30/Nov/2020:23:01:47 +0700] "POST /?transactionForm HTTP/1.1" 200 1508
0:0:0:0:0:0:0:1 - - [30/Nov/2020:23:01:47 +0700] "POST /?transactionForm HTTP/1.1" 200 1508
0:0:0:0:0:0:0:1 - - [30/Nov/2020:23:01:47 +0700] "POST /?transactionForm HTTP/1.1" 200 1508
0:0:0:0:0:0:0:1 - - [30/Nov/2020:23:01:47 +0700] "POST /?transactionForm HTTP/1.1" 200 1508
0:0:0:0:0:0:0:1 - - [30/Nov/2020:23:02:05 +0700] "POST /?transactionForm HTTP/1.1" 200 1508
0:0:0:0:0:0:0:1 - - [30/Nov/2020:23:02:08 +0700] "POST /?transactionForm HTTP/1.1" 200 1508
0:0:0:0:0:0:0:1 - - [30/Nov/2020:23:02:09 +0700] "POST /?transactionForm HTTP/1.1" 302 -
0:0:0:0:0:0:0:1 - - [30/Nov/2020:23:02:09 +0700] "GET /transactions HTTP/1.1" 200 1444
0:0:0:0:0:0:0:1 - - [30/Nov/2020:23:02:11 +0700] "GET /create HTTP/1.1" 200 1399
0:0:0:0:0:0:0:1 - - [30/Nov/2020:23:02:14 +0700] "POST /?transactionForm HTTP/1.1" 302 -
0:0:0:0:0:0:0:1 - - [30/Nov/2020:23:02:14 +0700] "GET /transactions HTTP/1.1" 200 1584
0:0:0:0:0:0:0:1 - - [30/Nov/2020:23:02:16 +0700] "GET /categories HTTP/1.1" 200 1307
0:0:0:0:0:0:0:1 - - [30/Nov/2020:23:02:21 +0700] "POST /?transactionForm HTTP/1.1" 200 1507
0:0:0:0:0:0:0:1 - - [30/Nov/2020:23:04:57 +0700] "POST /?transactionForm HTTP/1.1" 200 1565
0:0:0:0:0:0:0:1 - - [30/Nov/2020:23:05:01 +0700] "POST /?transactionForm HTTP/1.1" 200 1565
0:0:0:0:0:0:0:1 - - [30/Nov/2020:23:05:01 +0700] "GET /favicon.ico HTTP/1.1" 200 2862
0:0:0:0:0:0:0:1 - - [30/Nov/2020:23:05:07 +0700] "GET /transactions HTTP/1.1" 200 1584
0:0:0:0:0:0:0:1 - - [30/Nov/2020:23:05:08 +0700] "GET /create HTTP/1.1" 200 1399
0:0:0:0:0:0:0:1 - - [30/Nov/2020:23:05:13 +0700] "POST /?transactionForm HTTP/1.1" 200 1565
0:0:0:0:0:0:0:1 - - [30/Nov/2020:23:06:11 +0700] "GET /transactions HTTP/1.1" 200 1272
0:0:0:0:0:0:0:1 - - [30/Nov/2020:23:06:12 +0700] "GET /create HTTP/1.1" 500 6026
0:0:0:0:0:0:0:1 - - [30/Nov/2020:23:07:05 +0700] "GET /create HTTP/1.1" 200 1398
0:0:0:0:0:0:0:1 - - [30/Nov/2020:23:07:06 +0700] "GET /favicon.ico HTTP/1.1" 200 2862
0:0:0:0:0:0:0:1 - - [30/Nov/2020:23:07:09 +0700] "POST /transactionForm HTTP/1.1" 405 1047
0:0:0:0:0:0:0:1 - - [30/Nov/2020:23:07:24 +0700] "POST /transactionForm HTTP/1.1" 405 1047
0:0:0:0:0:0:0:1 - - [30/Nov/2020:23:07:26 +0700] "POST /transactionForm HTTP/1.1" 405 1047
0:0:0:0:0:0:0:1 - - [30/Nov/2020:23:07:38 +0700] "POST /transactionForm HTTP/1.1" 405 1047
0:0:0:0:0:0:0:1 - - [30/Nov/2020:23:07:40 +0700] "POST /transactionForm HTTP/1.1" 405 1047
0:0:0:0:0:0:0:1 - - [30/Nov/2020:23:08:33 +0700] "GET /create HTTP/1.1" 200 1394
0:0:0:0:0:0:0:1 - - [30/Nov/2020:23:08:34 +0700] "GET /favicon.ico HTTP/1.1" 200 2862
0:0:0:0:0:0:0:1 - - [30/Nov/2020:23:08:36 +0700] "POST /transaction HTTP/1.1" 405 1047
0:0:0:0:0:0:0:1 - - [30/Nov/2020:23:10:33 +0700] "GET /create HTTP/1.1" 200 1389
0:0:0:0:0:0:0:1 - - [30/Nov/2020:23:10:38 +0700] "POST /create HTTP/1.1" 405 1047
0:0:0:0:0:0:0:1 - - [30/Nov/2020:23:11:23 +0700] "POST /create HTTP/1.1" 405 1047
0:0:0:0:0:0:0:1 - - [30/Nov/2020:23:11:23 +0700] "GET /favicon.ico HTTP/1.1" 200 2862
0:0:0:0:0:0:0:1 - - [30/Nov/2020:23:11:27 +0700] "GET /create HTTP/1.1" 200 1307
0:0:0:0:0:0:0:1 - - [30/Nov/2020:23:11:30 +0700] "POST /?transactionForm HTTP/1.1" 200 1473
0:0:0:0:0:0:0:1 - - [30/Nov/2020:23:11:30 +0700] "GET /css/style.css HTTP/1.1" 304 -
0:0:0:0:0:0:0:1 - - [30/Nov/2020:23:11:43 +0700] "POST /?transactionForm HTTP/1.1" 200 1416
0:0:0:0:0:0:0:1 - - [30/Nov/2020:23:11:45 +0700] "POST /?transactionForm HTTP/1.1" 302 -
0:0:0:0:0:0:0:1 - - [30/Nov/2020:23:11:45 +0700] "GET /transactions HTTP/1.1" 200 1304
0:0:0:0:0:0:0:1 - - [30/Nov/2020:23:13:43 +0700] "GET /transactions HTTP/1.1" 200 1304
0:0:0:0:0:0:0:1 - - [30/Nov/2020:23:13:44 +0700] "GET /js/main.js HTTP/1.1" 304 -
0:0:0:0:0:0:0:1 - - [30/Nov/2020:23:13:45 +0700] "GET /create HTTP/1.1" 200 1307
0:0:0:0:0:0:0:1 - - [30/Nov/2020:23:13:46 +0700] "POST /?transactionForm HTTP/1.1" 200 1473
0:0:0:0:0:0:0:1 - - [30/Nov/2020:23:13:59 +0700] "POST /?transactionForm HTTP/1.1" 200 1473
0:0:0:0:0:0:0:1 - - [30/Nov/2020:23:14:00 +0700] "GET /favicon.ico HTTP/1.1" 200 2862
0:0:0:0:0:0:0:1 - - [30/Nov/2020:23:14:03 +0700] "POST /?transactionForm HTTP/1.1" 200 1415
0:0:0:0:0:0:0:1 - - [30/Nov/2020:23:14:08 +0700] "POST /?transactionForm HTTP/1.1" 200 1415
0:0:0:0:0:0:0:1 - - [30/Nov/2020:23:16:45 +0700] "POST /?transactionForm HTTP/1.1" 200 1398
0:0:0:0:0:0:0:1 - - [30/Nov/2020:23:16:45 +0700] "GET /favicon.ico HTTP/1.1" 200 2862
0:0:0:0:0:0:0:1 - - [30/Nov/2020:23:16:46 +0700] "GET /create HTTP/1.1" 200 1290
0:0:0:0:0:0:0:1 - - [30/Nov/2020:23:16:47 +0700] "GET /transactions HTTP/1.1" 200 1272
0:0:0:0:0:0:0:1 - - [30/Nov/2020:23:16:48 +0700] "GET /create HTTP/1.1" 200 1290
0:0:0:0:0:0:0:1 - - [30/Nov/2020:23:16:51 +0700] "POST /?create HTTP/1.1" 200 1456
0:0:0:0:0:0:0:1 - - [30/Nov/2020:23:16:55 +0700] "POST /?create HTTP/1.1" 200 1400
0:0:0:0:0:0:0:1 - - [30/Nov/2020:23:16:57 +0700] "POST /?create HTTP/1.1" 302 -
0:0:0:0:0:0:0:1 - - [30/Nov/2020:23:16:57 +0700] "GET /transactions HTTP/1.1" 200 1305
0:0:0:0:0:0:0:1 - - [30/Nov/2020:23:17:44 +0700] "GET /transactions HTTP/1.1" 200 1272
0:0:0:0:0:0:0:1 - - [30/Nov/2020:23:17:44 +0700] "GET /favicon.ico HTTP/1.1" 200 2862
0:0:0:0:0:0:0:1 - - [30/Nov/2020:23:17:45 +0700] "GET /create HTTP/1.1" 200 1289
0:0:0:0:0:0:0:1 - - [30/Nov/2020:23:17:47 +0700] "POST /create HTTP/1.1" 405 1047
0:0:0:0:0:0:0:1 - - [30/Nov/2020:23:19:35 +0700] "GET /create HTTP/1.1" 200 1290
0:0:0:0:0:0:0:1 - - [30/Nov/2020:23:19:35 +0700] "GET /create HTTP/1.1" 200 1290
0:0:0:0:0:0:0:1 - - [30/Nov/2020:23:19:35 +0700] "GET /css/bootstrap.min.css HTTP/1.1" 304 -
0:0:0:0:0:0:0:1 - - [30/Nov/2020:23:19:36 +0700] "GET /favicon.ico HTTP/1.1" 200 2862
0:0:0:0:0:0:0:1 - - [30/Nov/2020:23:19:37 +0700] "GET /categories HTTP/1.1" 500 11819
0:0:0:0:0:0:0:1 - - [30/Nov/2020:23:21:40 +0700] "GET / HTTP/1.1" 200 858
0:0:0:0:0:0:0:1 - - [30/Nov/2020:23:21:41 +0700] "GET /transactions HTTP/1.1" 200 1272
0:0:0:0:0:0:0:1 - - [30/Nov/2020:23:21:44 +0700] "GET /categories HTTP/1.1" 500 11820
0:0:0:0:0:0:0:1 - - [30/Nov/2020:23:23:34 +0700] "GET / HTTP/1.1" 200 858
0:0:0:0:0:0:0:1 - - [30/Nov/2020:23:23:34 +0700] "GET /css/style.css HTTP/1.1" 304 -
0:0:0:0:0:0:0:1 - - [30/Nov/2020:23:23:34 +0700] "GET /favicon.ico HTTP/1.1" 200 2862
0:0:0:0:0:0:0:1 - - [30/Nov/2020:23:23:36 +0700] "GET /transactions HTTP/1.1" 200 1272
0:0:0:0:0:0:0:1 - - [30/Nov/2020:23:23:37 +0700] "GET /create HTTP/1.1" 200 1290
0:0:0:0:0:0:0:1 - - [30/Nov/2020:23:23:39 +0700] "POST /?create HTTP/1.1" 200 1456
0:0:0:0:0:0:0:1 - - [30/Nov/2020:23:23:44 +0700] "POST /?create HTTP/1.1" 200 -
0:0:0:0:0:0:0:1 - - [30/Nov/2020:23:23:56 +0700] "GET /transactions HTTP/1.1" 200 1304
0:0:0:0:0:0:0:1 - - [30/Nov/2020:23:24:11 +0700] "GET /transactions HTTP/1.1" 200 1304
0:0:0:0:0:0:0:1 - - [30/Nov/2020:23:24:12 +0700] "GET /categories HTTP/1.1" 500 11819
0:0:0:0:0:0:0:1 - - [30/Nov/2020:23:25:21 +0700] "GET /transactions HTTP/1.1" 200 1272
0:0:0:0:0:0:0:1 - - [30/Nov/2020:23:25:22 +0700] "GET /categories HTTP/1.1" 500 11820
0:0:0:0:0:0:0:1 - - [30/Nov/2020:23:27:14 +0700] "GET / HTTP/1.1" 200 858
0:0:0:0:0:0:0:1 - - [30/Nov/2020:23:27:15 +0700] "GET /js/main.js HTTP/1.1" 304 -
0:0:0:0:0:0:0:1 - - [30/Nov/2020:23:27:15 +0700] "GET /favicon.ico HTTP/1.1" 200 2862
0:0:0:0:0:0:0:1 - - [30/Nov/2020:23:27:16 +0700] "GET /transactions HTTP/1.1" 200 1272
0:0:0:0:0:0:0:1 - - [30/Nov/2020:23:27:17 +0700] "GET /categories HTTP/1.1" 200 1289
0:0:0:0:0:0:0:1 - - [30/Nov/2020:23:27:20 +0700] "POST /?categories HTTP/1.1" 200 1397
0:0:0:0:0:0:0:1 - - [30/Nov/2020:23:27:23 +0700] "POST /?create HTTP/1.1" 302 -
0:0:0:0:0:0:0:1 - - [30/Nov/2020:23:27:23 +0700] "GET /transactions HTTP/1.1" 200 1302
0:0:0:0:0:0:0:1 - - [30/Nov/2020:23:27:25 +0700] "GET /categories HTTP/1.1" 200 1289
0:0:0:0:0:0:0:1 - - [30/Nov/2020:23:28:05 +0700] "GET /transactions HTTP/1.1" 200 1272
0:0:0:0:0:0:0:1 - - [30/Nov/2020:23:28:06 +0700] "GET /categories HTTP/1.1" 200 1289
0:0:0:0:0:0:0:1 - - [30/Nov/2020:23:28:11 +0700] "POST /?categories HTTP/1.1" 302 -
0:0:0:0:0:0:0:1 - - [30/Nov/2020:23:28:11 +0700] "GET /transactions HTTP/1.1" 200 1303
0:0:0:0:0:0:0:1 - - [30/Nov/2020:23:28:13 +0700] "GET /categories HTTP/1.1" 200 1289
0:0:0:0:0:0:0:1 - - [30/Nov/2020:23:28:31 +0700] "POST /?categories HTTP/1.1" 200 1456
0:0:0:0:0:0:0:1 - - [30/Nov/2020:23:29:13 +0700] "POST /?create HTTP/1.1" 302 -
0:0:0:0:0:0:0:1 - - [30/Nov/2020:23:29:13 +0700] "GET /transactions HTTP/1.1" 200 1447
0:0:0:0:0:0:0:1 - - [30/Nov/2020:23:29:19 +0700] "GET /create HTTP/1.1" 200 1290
0:0:0:0:0:0:0:1 - - [30/Nov/2020:23:29:22 +0700] "POST /?create HTTP/1.1" 200 1402
0:0:0:0:0:0:0:1 - - [30/Nov/2020:23:29:25 +0700] "POST /?create HTTP/1.1" 200 1402
0:0:0:0:0:0:0:1 - - [30/Nov/2020:23:29:27 +0700] "POST /?create HTTP/1.1" 302 -
0:0:0:0:0:0:0:1 - - [30/Nov/2020:23:29:28 +0700] "GET /transactions HTTP/1.1" 200 1590
0:0:0:0:0:0:0:1 - - [30/Nov/2020:23:29:29 +0700] "GET /categories HTTP/1.1" 200 1289
0:0:0:0:0:0:0:1 - - [30/Nov/2020:23:30:21 +0700] "GET /transactions HTTP/1.1" 200 1272
0:0:0:0:0:0:0:1 - - [30/Nov/2020:23:30:22 +0700] "GET /favicon.ico HTTP/1.1" 200 2862
0:0:0:0:0:0:0:1 - - [30/Nov/2020:23:30:22 +0700] "GET /create HTTP/1.1" 200 1290
0:0:0:0:0:0:0:1 - - [30/Nov/2020:23:30:26 +0700] "POST /?create HTTP/1.1" 302 -
0:0:0:0:0:0:0:1 - - [30/Nov/2020:23:30:26 +0700] "GET /create HTTP/1.1" 200 1290
0:0:0:0:0:0:0:1 - - [30/Nov/2020:23:31:20 +0700] "GET /categories HTTP/1.1" 200 1289
0:0:0:0:0:0:0:1 - - [30/Nov/2020:23:31:23 +0700] "POST /?categories HTTP/1.1" 302 -
0:0:0:0:0:0:0:1 - - [30/Nov/2020:23:31:23 +0700] "GET /create HTTP/1.1" 200 1290
0:0:0:0:0:0:0:1 - - [30/Nov/2020:23:31:42 +0700] "GET /categories HTTP/1.1" 200 1289
0:0:0:0:0:0:0:1 - - [30/Nov/2020:23:31:45 +0700] "POST /?categories HTTP/1.1" 302 -
0:0:0:0:0:0:0:1 - - [30/Nov/2020:23:31:45 +0700] "GET /create HTTP/1.1" 200 1290
0:0:0:0:0:0:0:1 - - [30/Nov/2020:23:31:47 +0700] "POST /?create HTTP/1.1" 200 1403
0:0:0:0:0:0:0:1 - - [30/Nov/2020:23:31:50 +0700] "POST /?create HTTP/1.1" 302 -
0:0:0:0:0:0:0:1 - - [30/Nov/2020:23:31:50 +0700] "GET /create HTTP/1.1" 200 1290
0:0:0:0:0:0:0:1 - - [30/Nov/2020:23:31:51 +0700] "GET /categories HTTP/1.1" 200 1289
0:0:0:0:0:0:0:1 - - [30/Nov/2020:23:33:18 +0700] "GET /categories HTTP/1.1" 200 1289
0:0:0:0:0:0:0:1 - - [30/Nov/2020:23:33:21 +0700] "POST /?categories HTTP/1.1" 302 -
0:0:0:0:0:0:0:1 - - [30/Nov/2020:23:33:21 +0700] "GET /create HTTP/1.1" 200 1290
0:0:0:0:0:0:0:1 - - [30/Nov/2020:23:33:44 +0700] "GET /categories HTTP/1.1" 200 1289
0:0:0:0:0:0:0:1 - - [30/Nov/2020:23:33:46 +0700] "GET /transactions HTTP/1.1" 200 1303
0:0:0:0:0:0:0:1 - - [30/Nov/2020:23:33:48 +0700] "GET /categories HTTP/1.1" 200 1289
0:0:0:0:0:0:0:1 - - [30/Nov/2020:23:34:13 +0700] "GET /transactions HTTP/1.1" 200 1303
0:0:0:0:0:0:0:1 - - [30/Nov/2020:23:34:15 +0700] "GET /categories HTTP/1.1" 200 1289
0:0:0:0:0:0:0:1 - - [30/Nov/2020:23:34:33 +0700] "GET /transactions HTTP/1.1" 200 1303
0:0:0:0:0:0:0:1 - - [30/Nov/2020:23:34:33 +0700] "GET /transactions HTTP/1.1" 200 1303
0:0:0:0:0:0:0:1 - - [30/Nov/2020:23:34:34 +0700] "GET /js/main.js HTTP/1.1" 200 295
0:0:0:0:0:0:0:1 - - [30/Nov/2020:23:34:34 +0700] "GET /css/style.css HTTP/1.1" 200 428
0:0:0:0:0:0:0:1 - - [30/Nov/2020:23:34:34 +0700] "GET /css/bootstrap.min.css HTTP/1.1" 200 83047
0:0:0:0:0:0:0:1 - - [30/Nov/2020:23:34:34 +0700] "GET /favicon.ico HTTP/1.1" 200 2862
0:0:0:0:0:0:0:1 - - [30/Nov/2020:23:34:36 +0700] "GET /categories HTTP/1.1" 200 1289
0:0:0:0:0:0:0:1 - - [30/Nov/2020:23:34:36 +0700] "GET /categories HTTP/1.1" 200 1289
0:0:0:0:0:0:0:1 - - [30/Nov/2020:23:34:36 +0700] "GET /css/bootstrap.min.css HTTP/1.1" 200 83047
0:0:0:0:0:0:0:1 - - [30/Nov/2020:23:34:36 +0700] "GET /css/style.css HTTP/1.1" 200 428
0:0:0:0:0:0:0:1 - - [30/Nov/2020:23:34:36 +0700] "GET /js/main.js HTTP/1.1" 200 295
0:0:0:0:0:0:0:1 - - [30/Nov/2020:23:34:36 +0700] "GET /favicon.ico HTTP/1.1" 200 2862
0:0:0:0:0:0:0:1 - - [30/Nov/2020:23:34:42 +0700] "GET /transactions HTTP/1.1" 200 1303
0:0:0:0:0:0:0:1 - - [30/Nov/2020:23:34:42 +0700] "GET /transactions HTTP/1.1" 200 1303
0:0:0:0:0:0:0:1 - - [30/Nov/2020:23:34:42 +0700] "GET /css/bootstrap.min.css HTTP/1.1" 200 83047
0:0:0:0:0:0:0:1 - - [30/Nov/2020:23:34:42 +0700] "GET /js/main.js HTTP/1.1" 200 295
0:0:0:0:0:0:0:1 - - [30/Nov/2020:23:34:42 +0700] "GET /css/style.css HTTP/1.1" 200 428
0:0:0:0:0:0:0:1 - - [30/Nov/2020:23:34:43 +0700] "GET /favicon.ico HTTP/1.1" 200 2862
0:0:0:0:0:0:0:1 - - [30/Nov/2020:23:34:43 +0700] "GET /categories HTTP/1.1" 200 1289
0:0:0:0:0:0:0:1 - - [30/Nov/2020:23:34:43 +0700] "GET /categories HTTP/1.1" 200 1289
0:0:0:0:0:0:0:1 - - [30/Nov/2020:23:34:44 +0700] "GET /css/bootstrap.min.css HTTP/1.1" 200 83047
0:0:0:0:0:0:0:1 - - [30/Nov/2020:23:34:44 +0700] "GET /js/main.js HTTP/1.1" 200 295
0:0:0:0:0:0:0:1 - - [30/Nov/2020:23:34:44 +0700] "GET /css/style.css HTTP/1.1" 200 428
0:0:0:0:0:0:0:1 - - [30/Nov/2020:23:34:44 +0700] "GET /favicon.ico HTTP/1.1" 200 2862
0:0:0:0:0:0:0:1 - - [30/Nov/2020:23:35:00 +0700] "GET /categories HTTP/1.1" 200 1289
0:0:0:0:0:0:0:1 - - [30/Nov/2020:23:35:01 +0700] "GET /categories HTTP/1.1" 200 1289
0:0:0:0:0:0:0:1 - - [30/Nov/2020:23:35:01 +0700] "GET /css/bootstrap.min.css HTTP/1.1" 200 83047
0:0:0:0:0:0:0:1 - - [30/Nov/2020:23:35:01 +0700] "GET /css/style.css HTTP/1.1" 200 428
0:0:0:0:0:0:0:1 - - [30/Nov/2020:23:35:01 +0700] "GET /js/main.js HTTP/1.1" 200 295
0:0:0:0:0:0:0:1 - - [30/Nov/2020:23:35:02 +0700] "GET /favicon.ico HTTP/1.1" 200 2862
0:0:0:0:0:0:0:1 - - [30/Nov/2020:23:35:10 +0700] "GET /transactions HTTP/1.1" 200 1303
0:0:0:0:0:0:0:1 - - [30/Nov/2020:23:35:10 +0700] "GET /transactions HTTP/1.1" 200 1303
0:0:0:0:0:0:0:1 - - [30/Nov/2020:23:35:13 +0700] "GET /css/bootstrap.min.css HTTP/1.1" 200 83047
0:0:0:0:0:0:0:1 - - [30/Nov/2020:23:35:13 +0700] "GET /css/style.css HTTP/1.1" 200 428
0:0:0:0:0:0:0:1 - - [30/Nov/2020:23:35:13 +0700] "GET /js/main.js HTTP/1.1" 200 295
0:0:0:0:0:0:0:1 - - [30/Nov/2020:23:35:14 +0700] "GET /favicon.ico HTTP/1.1" 200 2862
0:0:0:0:0:0:0:1 - - [30/Nov/2020:23:35:51 +0700] "GET /transactions HTTP/1.1" 200 1303
0:0:0:0:0:0:0:1 - - [30/Nov/2020:23:35:52 +0700] "GET /transactions HTTP/1.1" 200 1303
0:0:0:0:0:0:0:1 - - [30/Nov/2020:23:35:52 +0700] "GET /css/bootstrap.min.css HTTP/1.1" 200 83047
0:0:0:0:0:0:0:1 - - [30/Nov/2020:23:35:52 +0700] "GET /css/style.css HTTP/1.1" 200 428
0:0:0:0:0:0:0:1 - - [30/Nov/2020:23:35:52 +0700] "GET /js/main.js HTTP/1.1" 200 295
0:0:0:0:0:0:0:1 - - [30/Nov/2020:23:35:52 +0700] "GET /favicon.ico HTTP/1.1" 200 2862
0:0:0:0:0:0:0:1 - - [30/Nov/2020:23:35:56 +0700] "GET /categories HTTP/1.1" 200 1289
0:0:0:0:0:0:0:1 - - [30/Nov/2020:23:35:56 +0700] "GET /categories HTTP/1.1" 200 1289
0:0:0:0:0:0:0:1 - - [30/Nov/2020:23:35:57 +0700] "GET /css/style.css HTTP/1.1" 200 428
0:0:0:0:0:0:0:1 - - [30/Nov/2020:23:35:57 +0700] "GET /css/bootstrap.min.css HTTP/1.1" 200 83047
0:0:0:0:0:0:0:1 - - [30/Nov/2020:23:35:57 +0700] "GET /js/main.js HTTP/1.1" 200 295
0:0:0:0:0:0:0:1 - - [30/Nov/2020:23:35:57 +0700] "GET /favicon.ico HTTP/1.1" 200 2862
0:0:0:0:0:0:0:1 - - [30/Nov/2020:23:36:08 +0700] "GET /transactions HTTP/1.1" 200 1303
0:0:0:0:0:0:0:1 - - [30/Nov/2020:23:36:09 +0700] "GET /transactions HTTP/1.1" 200 1303
0:0:0:0:0:0:0:1 - - [30/Nov/2020:23:36:09 +0700] "GET /css/bootstrap.min.css HTTP/1.1" 200 83047
0:0:0:0:0:0:0:1 - - [30/Nov/2020:23:36:09 +0700] "GET /js/main.js HTTP/1.1" 200 295
0:0:0:0:0:0:0:1 - - [30/Nov/2020:23:36:09 +0700] "GET /css/style.css HTTP/1.1" 200 428
0:0:0:0:0:0:0:1 - - [30/Nov/2020:23:36:09 +0700] "GET /favicon.ico HTTP/1.1" 200 2862
0:0:0:0:0:0:0:1 - - [30/Nov/2020:23:36:11 +0700] "GET /create HTTP/1.1" 200 1290
0:0:0:0:0:0:0:1 - - [30/Nov/2020:23:36:11 +0700] "GET /create HTTP/1.1" 200 1290
0:0:0:0:0:0:0:1 - - [30/Nov/2020:23:36:11 +0700] "GET /css/bootstrap.min.css HTTP/1.1" 200 83047
0:0:0:0:0:0:0:1 - - [30/Nov/2020:23:36:11 +0700] "GET /css/style.css HTTP/1.1" 200 428
0:0:0:0:0:0:0:1 - - [30/Nov/2020:23:36:11 +0700] "GET /js/main.js HTTP/1.1" 200 295
0:0:0:0:0:0:0:1 - - [30/Nov/2020:23:36:12 +0700] "GET /favicon.ico HTTP/1.1" 200 2862
0:0:0:0:0:0:0:1 - - [30/Nov/2020:23:36:31 +0700] "GET /transactions HTTP/1.1" 200 1303
0:0:0:0:0:0:0:1 - - [30/Nov/2020:23:36:31 +0700] "GET /transactions HTTP/1.1" 200 1303
0:0:0:0:0:0:0:1 - - [30/Nov/2020:23:36:31 +0700] "GET /css/bootstrap.min.css HTTP/1.1" 200 83047
0:0:0:0:0:0:0:1 - - [30/Nov/2020:23:36:31 +0700] "GET /js/main.js HTTP/1.1" 200 295
0:0:0:0:0:0:0:1 - - [30/Nov/2020:23:36:31 +0700] "GET /css/style.css HTTP/1.1" 200 428
0:0:0:0:0:0:0:1 - - [30/Nov/2020:23:36:31 +0700] "GET /favicon.ico HTTP/1.1" 200 2862
0:0:0:0:0:0:0:1 - - [30/Nov/2020:23:37:34 +0700] "GET /transactions HTTP/1.1" 200 1272
0:0:0:0:0:0:0:1 - - [30/Nov/2020:23:37:35 +0700] "GET /categories HTTP/1.1" 200 1289
0:0:0:0:0:0:0:1 - - [30/Nov/2020:23:37:38 +0700] "POST /?categories HTTP/1.1" 302 -
0:0:0:0:0:0:0:1 - - [30/Nov/2020:23:37:38 +0700] "GET /create HTTP/1.1" 200 1290
0:0:0:0:0:0:0:1 - - [30/Nov/2020:23:38:00 +0700] "GET /categories HTTP/1.1" 200 1289
0:0:0:0:0:0:0:1 - - [30/Nov/2020:23:38:01 +0700] "GET /transactions HTTP/1.1" 200 1304
0:0:0:0:0:0:0:1 - - [30/Nov/2020:23:38:02 +0700] "GET /create HTTP/1.1" 200 1290
0:0:0:0:0:0:0:1 - - [30/Nov/2020:23:38:50 +0700] "GET /transactions HTTP/1.1" 200 1272
0:0:0:0:0:0:0:1 - - [30/Nov/2020:23:38:51 +0700] "GET /categories HTTP/1.1" 200 1289
0:0:0:0:0:0:0:1 - - [30/Nov/2020:23:38:55 +0700] "POST /?categories HTTP/1.1" 405 1047
0:0:0:0:0:0:0:1 - - [30/Nov/2020:23:39:16 +0700] "POST /?categories HTTP/1.1" 405 1047
0:0:0:0:0:0:0:1 - - [30/Nov/2020:23:39:18 +0700] "GET /transactions HTTP/1.1" 200 1272
0:0:0:0:0:0:0:1 - - [30/Nov/2020:23:39:20 +0700] "GET /create HTTP/1.1" 200 1290
0:0:0:0:0:0:0:1 - - [30/Nov/2020:23:39:22 +0700] "POST /?create HTTP/1.1" 405 1047
0:0:0:0:0:0:0:1 - - [30/Nov/2020:23:39:37 +0700] "POST /?create HTTP/1.1" 405 1047
0:0:0:0:0:0:0:1 - - [30/Nov/2020:23:39:44 +0700] "GET /create HTTP/1.1" 200 1290
0:0:0:0:0:0:0:1 - - [30/Nov/2020:23:40:30 +0700] "GET /create HTTP/1.1" 200 1289
0:0:0:0:0:0:0:1 - - [30/Nov/2020:23:40:31 +0700] "GET /transactions HTTP/1.1" 200 1272
0:0:0:0:0:0:0:1 - - [30/Nov/2020:23:40:31 +0700] "GET /create HTTP/1.1" 200 1289
0:0:0:0:0:0:0:1 - - [30/Nov/2020:23:40:34 +0700] "POST /create HTTP/1.1" 200 1397
0:0:0:0:0:0:0:1 - - [30/Nov/2020:23:40:37 +0700] "POST /create HTTP/1.1" 302 -
0:0:0:0:0:0:0:1 - - [30/Nov/2020:23:40:37 +0700] "GET /create HTTP/1.1" 200 1289
0:0:0:0:0:0:0:1 - - [30/Nov/2020:23:40:40 +0700] "GET /categories HTTP/1.1" 200 1289
0:0:0:0:0:0:0:1 - - [30/Nov/2020:23:40:43 +0700] "POST /?categories HTTP/1.1" 405 1047
0:0:0:0:0:0:0:1 - - [30/Nov/2020:23:41:50 +0700] "GET /transactions HTTP/1.1" 200 1272
0:0:0:0:0:0:0:1 - - [30/Nov/2020:23:41:50 +0700] "GET /transactions HTTP/1.1" 200 1272
0:0:0:0:0:0:0:1 - - [30/Nov/2020:23:41:51 +0700] "GET /favicon.ico HTTP/1.1" 200 2862
0:0:0:0:0:0:0:1 - - [30/Nov/2020:23:41:52 +0700] "GET /transactions HTTP/1.1" 200 1272
0:0:0:0:0:0:0:1 - - [30/Nov/2020:23:41:53 +0700] "GET /create HTTP/1.1" 200 1290
0:0:0:0:0:0:0:1 - - [30/Nov/2020:23:41:56 +0700] "POST /?create HTTP/1.1" 405 1047
0:0:0:0:0:0:0:1 - - [30/Nov/2020:23:43:25 +0700] "GET /create HTTP/1.1" 200 1290
0:0:0:0:0:0:0:1 - - [30/Nov/2020:23:43:25 +0700] "GET /favicon.ico HTTP/1.1" 200 2862
0:0:0:0:0:0:0:1 - - [30/Nov/2020:23:43:27 +0700] "GET /create HTTP/1.1" 200 1290
0:0:0:0:0:0:0:1 - - [30/Nov/2020:23:43:27 +0700] "GET /favicon.ico HTTP/1.1" 200 2862
0:0:0:0:0:0:0:1 - - [30/Nov/2020:23:43:28 +0700] "POST /?create HTTP/1.1" 200 1456
0:0:0:0:0:0:0:1 - - [30/Nov/2020:23:43:32 +0700] "POST /?create HTTP/1.1" 302 -
0:0:0:0:0:0:0:1 - - [30/Nov/2020:23:43:32 +0700] "GET /create HTTP/1.1" 200 1290
0:0:0:0:0:0:0:1 - - [30/Nov/2020:23:44:05 +0700] "GET /transactions HTTP/1.1" 200 1272
0:0:0:0:0:0:0:1 - - [30/Nov/2020:23:44:06 +0700] "GET /create HTTP/1.1" 200 1289
0:0:0:0:0:0:0:1 - - [30/Nov/2020:23:44:08 +0700] "POST /create HTTP/1.1" 302 -
0:0:0:0:0:0:0:1 - - [30/Nov/2020:23:44:08 +0700] "GET /create HTTP/1.1" 200 1289
0:0:0:0:0:0:0:1 - - [30/Nov/2020:23:44:11 +0700] "POST /create HTTP/1.1" 200 1397
0:0:0:0:0:0:0:1 - - [30/Nov/2020:23:44:14 +0700] "POST /create HTTP/1.1" 200 1397
0:0:0:0:0:0:0:1 - - [30/Nov/2020:23:44:17 +0700] "POST /create HTTP/1.1" 302 -
0:0:0:0:0:0:0:1 - - [30/Nov/2020:23:44:17 +0700] "GET /create HTTP/1.1" 200 1289
0:0:0:0:0:0:0:1 - - [30/Nov/2020:23:44:18 +0700] "GET /transactions HTTP/1.1" 200 1442
0:0:0:0:0:0:0:1 - - [30/Nov/2020:23:44:19 +0700] "GET /categories HTTP/1.1" 200 1289
0:0:0:0:0:0:0:1 - - [30/Nov/2020:23:44:22 +0700] "POST /?categories HTTP/1.1" 405 1047
0:0:0:0:0:0:0:1 - - [30/Nov/2020:23:45:24 +0700] "GET /categories HTTP/1.1" 200 1288
0:0:0:0:0:0:0:1 - - [30/Nov/2020:23:45:24 +0700] "GET /transactions HTTP/1.1" 200 1272
0:0:0:0:0:0:0:1 - - [30/Nov/2020:23:45:25 +0700] "GET /categories HTTP/1.1" 200 1288
0:0:0:0:0:0:0:1 - - [30/Nov/2020:23:45:26 +0700] "POST /categories HTTP/1.1" 200 1454
0:0:0:0:0:0:0:1 - - [30/Nov/2020:23:45:30 +0700] "POST /categories HTTP/1.1" 200 1396
0:0:0:0:0:0:0:1 - - [30/Nov/2020:23:45:33 +0700] "POST /categories HTTP/1.1" 200 -
0:0:0:0:0:0:0:1 - - [30/Nov/2020:23:45:54 +0700] "GET /create HTTP/1.1" 200 1289
0:0:0:0:0:0:0:1 - - [30/Nov/2020:23:45:58 +0700] "POST /create HTTP/1.1" 302 -
0:0:0:0:0:0:0:1 - - [30/Nov/2020:23:45:58 +0700] "GET /create HTTP/1.1" 200 1289
0:0:0:0:0:0:0:1 - - [30/Nov/2020:23:46:00 +0700] "GET /transactions HTTP/1.1" 200 1304
0:0:0:0:0:0:0:1 - - [30/Nov/2020:23:46:01 +0700] "GET /categories HTTP/1.1" 200 1288
0:0:0:0:0:0:0:1 - - [30/Nov/2020:23:46:04 +0700] "POST /categories HTTP/1.1" 200 -
0:0:0:0:0:0:0:1 - - [30/Nov/2020:23:46:09 +0700] "GET / HTTP/1.1" 200 858
0:0:0:0:0:0:0:1 - - [30/Nov/2020:23:46:10 +0700] "GET /transactions HTTP/1.1" 200 1304
0:0:0:0:0:0:0:1 - - [30/Nov/2020:23:46:14 +0700] "GET /create HTTP/1.1" 200 1289
0:0:0:0:0:0:0:1 - - [30/Nov/2020:23:46:18 +0700] "POST /create HTTP/1.1" 302 -
0:0:0:0:0:0:0:1 - - [30/Nov/2020:23:46:18 +0700] "GET /create HTTP/1.1" 200 1289
0:0:0:0:0:0:0:1 - - [30/Nov/2020:23:46:21 +0700] "POST /create HTTP/1.1" 200 1455
0:0:0:0:0:0:0:1 - - [30/Nov/2020:23:46:25 +0700] "GET /transactions HTTP/1.1" 200 1444
0:0:0:0:0:0:0:1 - - [30/Nov/2020:23:46:33 +0700] "GET /create HTTP/1.1" 200 1289
0:0:0:0:0:0:0:1 - - [30/Nov/2020:23:46:40 +0700] "POST /create HTTP/1.1" 302 -
0:0:0:0:0:0:0:1 - - [30/Nov/2020:23:46:40 +0700] "GET /create HTTP/1.1" 200 1289
0:0:0:0:0:0:0:1 - - [30/Nov/2020:23:46:42 +0700] "GET /transactions HTTP/1.1" 200 1596
0:0:0:0:0:0:0:1 - - [30/Nov/2020:23:46:44 +0700] "GET /categories HTTP/1.1" 200 1288
0:0:0:0:0:0:0:1 - - [30/Nov/2020:23:47:46 +0700] "GET /transactions HTTP/1.1" 200 1272
0:0:0:0:0:0:0:1 - - [30/Nov/2020:23:47:47 +0700] "GET /create HTTP/1.1" 200 1289
0:0:0:0:0:0:0:1 - - [30/Nov/2020:23:47:51 +0700] "POST /create HTTP/1.1" 302 -
0:0:0:0:0:0:0:1 - - [30/Nov/2020:23:47:51 +0700] "GET /transactions HTTP/1.1" 200 1304
0:0:0:0:0:0:0:1 - - [30/Nov/2020:23:47:53 +0700] "GET /create HTTP/1.1" 200 1289
0:0:0:0:0:0:0:1 - - [30/Nov/2020:23:47:56 +0700] "POST /create HTTP/1.1" 200 1400
0:0:0:0:0:0:0:1 - - [30/Nov/2020:23:47:59 +0700] "POST /create HTTP/1.1" 302 -
0:0:0:0:0:0:0:1 - - [30/Nov/2020:23:47:59 +0700] "GET /transactions HTTP/1.1" 200 1446
0:0:0:0:0:0:0:1 - - [30/Nov/2020:23:48:00 +0700] "GET /categories HTTP/1.1" 200 1288
0:0:0:0:0:0:0:1 - - [30/Nov/2020:23:48:03 +0700] "POST /categories HTTP/1.1" 200 1454
0:0:0:0:0:0:0:1 - - [30/Nov/2020:23:48:07 +0700] "POST /categories HTTP/1.1" 302 -
0:0:0:0:0:0:0:1 - - [30/Nov/2020:23:48:07 +0700] "GET /categories HTTP/1.1" 200 1288
0:0:0:0:0:0:0:1 - - [30/Nov/2020:23:48:09 +0700] "GET /transactions HTTP/1.1" 200 1446
0:0:0:0:0:0:0:1 - - [30/Nov/2020:23:49:41 +0700] "GET /categories HTTP/1.1" 200 1288
0:0:0:0:0:0:0:1 - - [30/Nov/2020:23:49:45 +0700] "POST /categories HTTP/1.1" 302 -
0:0:0:0:0:0:0:1 - - [30/Nov/2020:23:49:45 +0700] "GET /categories HTTP/1.1" 200 1288
0:0:0:0:0:0:0:1 - - [30/Nov/2020:23:49:47 +0700] "GET /transactions HTTP/1.1" 200 1446
0:0:0:0:0:0:0:1 - - [30/Nov/2020:23:49:48 +0700] "GET /create HTTP/1.1" 200 1289
0:0:0:0:0:0:0:1 - - [30/Nov/2020:23:49:49 +0700] "GET /transactions HTTP/1.1" 200 1446
0:0:0:0:0:0:0:1 - - [30/Nov/2020:23:49:49 +0700] "GET /categories HTTP/1.1" 200 1288
0:0:0:0:0:0:0:1 - - [30/Nov/2020:23:50:27 +0700] "GET /transactions HTTP/1.1" 200 1272
0:0:0:0:0:0:0:1 - - [30/Nov/2020:23:50:27 +0700] "GET /css/style.css HTTP/1.1" 304 -
0:0:0:0:0:0:0:1 - - [30/Nov/2020:23:50:28 +0700] "GET /categories HTTP/1.1" 200 1288
0:0:0:0:0:0:0:1 - - [30/Nov/2020:23:50:32 +0700] "POST /categories HTTP/1.1" 302 -
0:0:0:0:0:0:0:1 - - [30/Nov/2020:23:50:32 +0700] "GET /categories HTTP/1.1" 200 1288
0:0:0:0:0:0:0:1 - - [30/Nov/2020:23:50:37 +0700] "POST /categories HTTP/1.1" 302 -
0:0:0:0:0:0:0:1 - - [30/Nov/2020:23:50:37 +0700] "GET /categories HTTP/1.1" 200 1288
0:0:0:0:0:0:0:1 - - [30/Nov/2020:23:52:17 +0700] "GET /transactions HTTP/1.1" 200 1272
0:0:0:0:0:0:0:1 - - [30/Nov/2020:23:52:17 +0700] "GET /js/main.js HTTP/1.1" 304 -
0:0:0:0:0:0:0:1 - - [30/Nov/2020:23:52:18 +0700] "GET /create HTTP/1.1" 200 1289
0:0:0:0:0:0:0:1 - - [30/Nov/2020:23:52:21 +0700] "POST /create HTTP/1.1" 302 -
0:0:0:0:0:0:0:1 - - [30/Nov/2020:23:52:22 +0700] "GET /transactions HTTP/1.1" 200 1306
0:0:0:0:0:0:0:1 - - [30/Nov/2020:23:52:26 +0700] "GET /create HTTP/1.1" 200 1289
0:0:0:0:0:0:0:1 - - [30/Nov/2020:23:52:30 +0700] "POST /create HTTP/1.1" 302 -
0:0:0:0:0:0:0:1 - - [30/Nov/2020:23:52:30 +0700] "GET /transactions HTTP/1.1" 200 1447
0:0:0:0:0:0:0:1 - - [30/Nov/2020:23:52:33 +0700] "GET /categories HTTP/1.1" 200 1288
0:0:0:0:0:0:0:1 - - [30/Nov/2020:23:52:38 +0700] "POST /categories HTTP/1.1" 302 -
0:0:0:0:0:0:0:1 - - [30/Nov/2020:23:52:38 +0700] "GET /categories HTTP/1.1" 200 1288
0:0:0:0:0:0:0:1 - - [30/Nov/2020:23:52:57 +0700] "POST /categories HTTP/1.1" 302 -
0:0:0:0:0:0:0:1 - - [30/Nov/2020:23:52:57 +0700] "GET /categories HTTP/1.1" 200 1288
0:0:0:0:0:0:0:1 - - [30/Nov/2020:23:54:30 +0700] "GET /transactions HTTP/1.1" 200 1272
0:0:0:0:0:0:0:1 - - [30/Nov/2020:23:54:30 +0700] "GET /create HTTP/1.1" 200 1289
0:0:0:0:0:0:0:1 - - [30/Nov/2020:23:54:34 +0700] "POST /create HTTP/1.1" 302 -
0:0:0:0:0:0:0:1 - - [30/Nov/2020:23:54:34 +0700] "GET /transactions HTTP/1.1" 200 1304
0:0:0:0:0:0:0:1 - - [30/Nov/2020:23:54:35 +0700] "GET /create HTTP/1.1" 200 1289
0:0:0:0:0:0:0:1 - - [30/Nov/2020:23:54:38 +0700] "POST /create HTTP/1.1" 302 -
0:0:0:0:0:0:0:1 - - [30/Nov/2020:23:54:38 +0700] "GET /transactions HTTP/1.1" 200 1444
0:0:0:0:0:0:0:1 - - [30/Nov/2020:23:54:39 +0700] "GET /categories HTTP/1.1" 200 1288
0:0:0:0:0:0:0:1 - - [30/Nov/2020:23:54:42 +0700] "POST /categories HTTP/1.1" 302 -
0:0:0:0:0:0:0:1 - - [30/Nov/2020:23:54:42 +0700] "GET /categories HTTP/1.1" 200 1288
0:0:0:0:0:0:0:1 - - [30/Nov/2020:23:54:45 +0700] "POST /categories HTTP/1.1" 302 -
0:0:0:0:0:0:0:1 - - [30/Nov/2020:23:54:45 +0700] "GET /categories HTTP/1.1" 200 1288
0:0:0:0:0:0:0:1 - - [30/Nov/2020:23:55:00 +0700] "GET /favicon.ico HTTP/1.1" 304 -
0:0:0:0:0:0:0:1 - - [30/Nov/2020:23:56:32 +0700] "GET /transactions HTTP/1.1" 200 1237
0:0:0:0:0:0:0:1 - - [30/Nov/2020:23:56:32 +0700] "GET /favicon.ico HTTP/1.1" 200 2862
0:0:0:0:0:0:0:1 - - [30/Nov/2020:23:56:34 +0700] "GET /categories HTTP/1.1" 200 1253
0:0:0:0:0:0:0:1 - - [30/Nov/2020:23:56:35 +0700] "GET /create HTTP/1.1" 200 1254
0:0:0:0:0:0:0:1 - - [30/Nov/2020:23:56:36 +0700] "GET /transactions HTTP/1.1" 200 1237
0:0:0:0:0:0:0:1 - - [30/Nov/2020:23:56:37 +0700] "GET /categories HTTP/1.1" 200 1253
0:0:0:0:0:0:0:1 - - [30/Nov/2020:23:56:38 +0700] "GET /create HTTP/1.1" 200 1254
0:0:0:0:0:0:0:1 - - [30/Nov/2020:23:56:39 +0700] "GET /categories HTTP/1.1" 200 1253
0:0:0:0:0:0:0:1 - - [30/Nov/2020:23:56:40 +0700] "GET /create HTTP/1.1" 200 1254
0:0:0:0:0:0:0:1 - - [30/Nov/2020:23:56:41 +0700] "GET /transactions HTTP/1.1" 200 1237
0:0:0:0:0:0:0:1 - - [30/Nov/2020:23:56:42 +0700] "GET /create HTTP/1.1" 200 1254
0:0:0:0:0:0:0:1 - - [30/Nov/2020:23:56:43 +0700] "POST /create HTTP/1.1" 200 1420
0:0:0:0:0:0:0:1 - - [30/Nov/2020:23:56:44 +0700] "GET /transactions HTTP/1.1" 200 1237
0:0:0:0:0:0:0:1 - - [30/Nov/2020:23:56:46 +0700] "GET / HTTP/1.1" 200 823
