0:0:0:0:0:0:0:1 - - [01/Dec/2020:07:48:14 +0700] "POST /create HTTP/1.1" 200 1000
0:0:0:0:0:0:0:1 - - [01/Dec/2020:07:48:14 +0700] "GET /css/style.css HTTP/1.1" 200 428
0:0:0:0:0:0:0:1 - - [01/Dec/2020:07:48:14 +0700] "GET /css/bootstrap.min.css HTTP/1.1" 200 83047
0:0:0:0:0:0:0:1 - - [01/Dec/2020:07:48:14 +0700] "GET /favicon.ico HTTP/1.1" 200 2862
0:0:0:0:0:0:0:1 - - [01/Dec/2020:07:48:15 +0700] "POST /create HTTP/1.1" 200 1000
0:0:0:0:0:0:0:1 - - [01/Dec/2020:07:48:16 +0700] "POST /create HTTP/1.1" 200 1000
0:0:0:0:0:0:0:1 - - [01/Dec/2020:07:48:17 +0700] "POST /create HTTP/1.1" 200 1000
0:0:0:0:0:0:0:1 - - [01/Dec/2020:07:49:35 +0700] "GET /create HTTP/1.1" 200 1210
0:0:0:0:0:0:0:1 - - [01/Dec/2020:07:49:36 +0700] "GET /css/bootstrap.min.css HTTP/1.1" 304 -
0:0:0:0:0:0:0:1 - - [01/Dec/2020:07:49:36 +0700] "GET /css/style.css HTTP/1.1" 304 -
0:0:0:0:0:0:0:1 - - [01/Dec/2020:07:49:40 +0700] "POST /create HTTP/1.1" 200 1250
0:0:0:0:0:0:0:1 - - [01/Dec/2020:21:35:47 +0700] "GET / HTTP/1.1" 200 772
0:0:0:0:0:0:0:1 - - [01/Dec/2020:21:35:47 +0700] "GET /css/style.css HTTP/1.1" 200 460
0:0:0:0:0:0:0:1 - - [01/Dec/2020:21:35:47 +0700] "GET /css/bootstrap.min.css HTTP/1.1" 200 83060
0:0:0:0:0:0:0:1 - - [01/Dec/2020:21:35:52 +0700] "GET /transactions HTTP/1.1" 200 1101
0:0:0:0:0:0:0:1 - - [01/Dec/2020:21:35:54 +0700] "GET /categories HTTP/1.1" 200 1209
0:0:0:0:0:0:0:1 - - [01/Dec/2020:21:35:55 +0700] "GET /create HTTP/1.1" 200 1211
0:0:0:0:0:0:0:1 - - [01/Dec/2020:21:35:56 +0700] "GET /transactions HTTP/1.1" 200 1101
0:0:0:0:0:0:0:1 - - [01/Dec/2020:21:35:57 +0700] "GET /categories HTTP/1.1" 200 1209
0:0:0:0:0:0:0:1 - - [01/Dec/2020:21:35:58 +0700] "GET /transactions HTTP/1.1" 200 1101
0:0:0:0:0:0:0:1 - - [01/Dec/2020:21:35:58 +0700] "GET /create HTTP/1.1" 200 1211
0:0:0:0:0:0:0:1 - - [01/Dec/2020:21:35:58 +0700] "GET /transactions HTTP/1.1" 200 1101
0:0:0:0:0:0:0:1 - - [01/Dec/2020:21:35:59 +0700] "GET /categories HTTP/1.1" 200 1209
0:0:0:0:0:0:0:1 - - [01/Dec/2020:21:36:00 +0700] "GET /create HTTP/1.1" 200 1211
0:0:0:0:0:0:0:1 - - [01/Dec/2020:21:36:00 +0700] "GET /transactions HTTP/1.1" 200 1101
0:0:0:0:0:0:0:1 - - [01/Dec/2020:21:36:01 +0700] "GET /categories HTTP/1.1" 200 1209
0:0:0:0:0:0:0:1 - - [01/Dec/2020:21:44:04 +0700] "GET /categories HTTP/1.1" 200 1209
0:0:0:0:0:0:0:1 - - [01/Dec/2020:21:44:04 +0700] "GET /create HTTP/1.1" 200 1211
0:0:0:0:0:0:0:1 - - [01/Dec/2020:21:44:05 +0700] "GET /transactions HTTP/1.1" 200 1101
0:0:0:0:0:0:0:1 - - [01/Dec/2020:21:44:05 +0700] "GET /categories HTTP/1.1" 200 1209
0:0:0:0:0:0:0:1 - - [01/Dec/2020:21:44:06 +0700] "GET /create HTTP/1.1" 200 1211
0:0:0:0:0:0:0:1 - - [01/Dec/2020:21:44:06 +0700] "GET /transactions HTTP/1.1" 200 1101
0:0:0:0:0:0:0:1 - - [01/Dec/2020:21:44:07 +0700] "GET /categories HTTP/1.1" 200 1209
0:0:0:0:0:0:0:1 - - [01/Dec/2020:21:44:07 +0700] "GET /create HTTP/1.1" 200 1211
0:0:0:0:0:0:0:1 - - [01/Dec/2020:21:44:08 +0700] "GET /transactions HTTP/1.1" 200 1101
0:0:0:0:0:0:0:1 - - [01/Dec/2020:21:44:08 +0700] "GET /categories HTTP/1.1" 200 1209
0:0:0:0:0:0:0:1 - - [01/Dec/2020:21:44:11 +0700] "GET /create HTTP/1.1" 200 1211
0:0:0:0:0:0:0:1 - - [01/Dec/2020:21:44:12 +0700] "GET /transactions HTTP/1.1" 200 1101
0:0:0:0:0:0:0:1 - - [01/Dec/2020:21:44:12 +0700] "GET /categories HTTP/1.1" 200 1209
0:0:0:0:0:0:0:1 - - [01/Dec/2020:22:13:28 +0700] "GET /create HTTP/1.1" 200 1211
0:0:0:0:0:0:0:1 - - [01/Dec/2020:22:13:28 +0700] "GET /css/style.css HTTP/1.1" 304 -
0:0:0:0:0:0:0:1 - - [01/Dec/2020:22:13:28 +0700] "GET /css/bootstrap.min.css HTTP/1.1" 304 -
0:0:0:0:0:0:0:1 - - [01/Dec/2020:22:13:28 +0700] "GET /transactions HTTP/1.1" 200 1101
0:0:0:0:0:0:0:1 - - [01/Dec/2020:22:13:29 +0700] "GET /categories HTTP/1.1" 200 1209
0:0:0:0:0:0:0:1 - - [01/Dec/2020:22:13:56 +0700] "GET /categories HTTP/1.1" 200 1209
0:0:0:0:0:0:0:1 - - [01/Dec/2020:22:19:09 +0700] "GET /create HTTP/1.1" 200 1211
0:0:0:0:0:0:0:1 - - [01/Dec/2020:22:19:10 +0700] "GET /transactions HTTP/1.1" 200 1101
0:0:0:0:0:0:0:1 - - [01/Dec/2020:22:19:10 +0700] "GET /categories HTTP/1.1" 200 1209
0:0:0:0:0:0:0:1 - - [01/Dec/2020:22:19:11 +0700] "GET /create HTTP/1.1" 200 1211
0:0:0:0:0:0:0:1 - - [01/Dec/2020:22:19:12 +0700] "GET /categories HTTP/1.1" 200 1209
0:0:0:0:0:0:0:1 - - [01/Dec/2020:22:28:27 +0700] "GET /categories HTTP/1.1" 500 7867
0:0:0:0:0:0:0:1 - - [01/Dec/2020:22:28:27 +0700] "GET /favicon.ico HTTP/1.1" 200 2862
0:0:0:0:0:0:0:1 - - [01/Dec/2020:22:33:24 +0700] "GET /categories HTTP/1.1" 500 7867
0:0:0:0:0:0:0:1 - - [01/Dec/2020:22:33:24 +0700] "GET /favicon.ico HTTP/1.1" 200 2862
0:0:0:0:0:0:0:1 - - [01/Dec/2020:22:33:28 +0700] "GET /categories HTTP/1.1" 500 7867
0:0:0:0:0:0:0:1 - - [01/Dec/2020:22:33:28 +0700] "GET /favicon.ico HTTP/1.1" 200 2862
0:0:0:0:0:0:0:1 - - [01/Dec/2020:22:33:30 +0700] "GET / HTTP/1.1" 200 772
0:0:0:0:0:0:0:1 - - [01/Dec/2020:22:33:30 +0700] "GET /css/style.css HTTP/1.1" 304 -
0:0:0:0:0:0:0:1 - - [01/Dec/2020:22:33:30 +0700] "GET /css/bootstrap.min.css HTTP/1.1" 304 -
0:0:0:0:0:0:0:1 - - [01/Dec/2020:22:33:33 +0700] "GET /categories HTTP/1.1" 500 7867
0:0:0:0:0:0:0:1 - - [01/Dec/2020:22:44:52 +0700] "GET /categories HTTP/1.1" 500 13261
0:0:0:0:0:0:0:1 - - [01/Dec/2020:22:44:52 +0700] "GET /favicon.ico HTTP/1.1" 200 2862
0:0:0:0:0:0:0:1 - - [01/Dec/2020:22:44:53 +0700] "GET /categories HTTP/1.1" 500 13260
0:0:0:0:0:0:0:1 - - [01/Dec/2020:22:44:53 +0700] "GET /favicon.ico HTTP/1.1" 200 2862
0:0:0:0:0:0:0:1 - - [01/Dec/2020:22:44:54 +0700] "GET /categories HTTP/1.1" 500 13260
0:0:0:0:0:0:0:1 - - [01/Dec/2020:22:44:54 +0700] "GET /favicon.ico HTTP/1.1" 200 2862
0:0:0:0:0:0:0:1 - - [01/Dec/2020:22:44:55 +0700] "GET /categories HTTP/1.1" 500 13260
0:0:0:0:0:0:0:1 - - [01/Dec/2020:22:44:55 +0700] "GET /favicon.ico HTTP/1.1" 200 2862
0:0:0:0:0:0:0:1 - - [01/Dec/2020:22:45:16 +0700] "GET /categories HTTP/1.1" 500 13260
0:0:0:0:0:0:0:1 - - [01/Dec/2020:22:45:16 +0700] "GET /favicon.ico HTTP/1.1" 200 2862
0:0:0:0:0:0:0:1 - - [01/Dec/2020:22:45:16 +0700] "GET /categories HTTP/1.1" 500 13260
0:0:0:0:0:0:0:1 - - [01/Dec/2020:22:45:17 +0700] "GET /favicon.ico HTTP/1.1" 200 2862
0:0:0:0:0:0:0:1 - - [01/Dec/2020:22:45:17 +0700] "GET /categories HTTP/1.1" 500 13260
0:0:0:0:0:0:0:1 - - [01/Dec/2020:22:45:18 +0700] "GET /favicon.ico HTTP/1.1" 200 2862
0:0:0:0:0:0:0:1 - - [01/Dec/2020:22:47:02 +0700] "GET /categories HTTP/1.1" 200 1815
0:0:0:0:0:0:0:1 - - [01/Dec/2020:22:47:02 +0700] "GET /css/fonts.css HTTP/1.1" 200 20596
0:0:0:0:0:0:0:1 - - [01/Dec/2020:22:47:02 +0700] "GET /css/default.css HTTP/1.1" 200 14767
0:0:0:0:0:0:0:1 - - [01/Dec/2020:22:47:03 +0700] "GET /favicon.ico HTTP/1.1" 200 2862
0:0:0:0:0:0:0:1 - - [01/Dec/2020:22:47:14 +0700] "GET /create HTTP/1.1" 200 1211
0:0:0:0:0:0:0:1 - - [01/Dec/2020:22:47:15 +0700] "GET /categories HTTP/1.1" 200 1815
0:0:0:0:0:0:0:1 - - [01/Dec/2020:22:47:16 +0700] "GET /create HTTP/1.1" 200 1211
0:0:0:0:0:0:0:1 - - [01/Dec/2020:22:47:17 +0700] "GET /categories HTTP/1.1" 200 1815
0:0:0:0:0:0:0:1 - - [01/Dec/2020:22:47:18 +0700] "GET /create HTTP/1.1" 200 1211
0:0:0:0:0:0:0:1 - - [01/Dec/2020:22:47:19 +0700] "GET /categories HTTP/1.1" 200 1815
0:0:0:0:0:0:0:1 - - [01/Dec/2020:22:47:20 +0700] "GET /create HTTP/1.1" 200 1211
0:0:0:0:0:0:0:1 - - [01/Dec/2020:22:47:21 +0700] "GET /categories HTTP/1.1" 200 1815
0:0:0:0:0:0:0:1 - - [01/Dec/2020:22:47:24 +0700] "POST /categories HTTP/1.1" 200 1927
0:0:0:0:0:0:0:1 - - [01/Dec/2020:22:47:25 +0700] "POST /categories HTTP/1.1" 200 1927
0:0:0:0:0:0:0:1 - - [01/Dec/2020:22:47:25 +0700] "POST /categories HTTP/1.1" 200 1927
0:0:0:0:0:0:0:1 - - [01/Dec/2020:22:47:27 +0700] "POST /categories HTTP/1.1" 200 1927
0:0:0:0:0:0:0:1 - - [01/Dec/2020:22:50:41 +0700] "POST /categories HTTP/1.1" 200 1927
0:0:0:0:0:0:0:1 - - [01/Dec/2020:22:50:41 +0700] "GET /css/bootstrap.min.css HTTP/1.1" 304 -
0:0:0:0:0:0:0:1 - - [01/Dec/2020:22:50:41 +0700] "GET /css/default.css HTTP/1.1" 304 -
0:0:0:0:0:0:0:1 - - [01/Dec/2020:22:50:41 +0700] "GET /css/fonts.css HTTP/1.1" 304 -
0:0:0:0:0:0:0:1 - - [01/Dec/2020:22:50:41 +0700] "GET /css/style.css HTTP/1.1" 304 -
0:0:0:0:0:0:0:1 - - [01/Dec/2020:22:53:16 +0700] "GET /create HTTP/1.1" 200 1211
0:0:0:0:0:0:0:1 - - [01/Dec/2020:22:53:17 +0700] "GET /categories HTTP/1.1" 500 7867
0:0:0:0:0:0:0:1 - - [01/Dec/2020:22:56:12 +0700] "GET /categories HTTP/1.1" 200 1844
0:0:0:0:0:0:0:1 - - [01/Dec/2020:22:56:12 +0700] "GET /css/default.css HTTP/1.1" 200 15212
0:0:0:0:0:0:0:1 - - [01/Dec/2020:22:56:12 +0700] "GET /css/fonts.css HTTP/1.1" 304 -
0:0:0:0:0:0:0:1 - - [01/Dec/2020:22:56:13 +0700] "GET /favicon.ico HTTP/1.1" 200 2862
0:0:0:0:0:0:0:1 - - [01/Dec/2020:22:58:11 +0700] "GET /categories HTTP/1.1" 500 7867
0:0:0:0:0:0:0:1 - - [01/Dec/2020:22:58:11 +0700] "GET /favicon.ico HTTP/1.1" 200 2862
0:0:0:0:0:0:0:1 - - [01/Dec/2020:22:58:12 +0700] "GET /categories HTTP/1.1" 500 7867
0:0:0:0:0:0:0:1 - - [01/Dec/2020:22:58:12 +0700] "GET /favicon.ico HTTP/1.1" 200 2862
0:0:0:0:0:0:0:1 - - [01/Dec/2020:22:58:12 +0700] "GET /categories HTTP/1.1" 500 7867
0:0:0:0:0:0:0:1 - - [01/Dec/2020:22:58:12 +0700] "GET /favicon.ico HTTP/1.1" 200 2862
0:0:0:0:0:0:0:1 - - [01/Dec/2020:23:05:15 +0700] "GET /categories HTTP/1.1" 500 7867
0:0:0:0:0:0:0:1 - - [01/Dec/2020:23:05:15 +0700] "GET /favicon.ico HTTP/1.1" 200 2862
0:0:0:0:0:0:0:1 - - [01/Dec/2020:23:05:17 +0700] "GET /categories HTTP/1.1" 500 7867
0:0:0:0:0:0:0:1 - - [01/Dec/2020:23:05:17 +0700] "GET /favicon.ico HTTP/1.1" 200 2862
0:0:0:0:0:0:0:1 - - [01/Dec/2020:23:11:57 +0700] "GET /categories HTTP/1.1" 500 7867
0:0:0:0:0:0:0:1 - - [01/Dec/2020:23:11:57 +0700] "GET /favicon.ico HTTP/1.1" 200 2862
0:0:0:0:0:0:0:1 - - [01/Dec/2020:23:20:33 +0700] "GET /categories HTTP/1.1" 200 2110
0:0:0:0:0:0:0:1 - - [01/Dec/2020:23:20:33 +0700] "GET /css/style.css HTTP/1.1" 304 -
0:0:0:0:0:0:0:1 - - [01/Dec/2020:23:20:33 +0700] "GET /css/default.css HTTP/1.1" 304 -
0:0:0:0:0:0:0:1 - - [01/Dec/2020:23:20:33 +0700] "GET /css/fonts.css HTTP/1.1" 304 -
0:0:0:0:0:0:0:1 - - [01/Dec/2020:23:20:33 +0700] "GET /css/bootstrap.min.css HTTP/1.1" 304 -
0:0:0:0:0:0:0:1 - - [01/Dec/2020:23:20:33 +0700] "GET /favicon.ico HTTP/1.1" 200 2862
0:0:0:0:0:0:0:1 - - [01/Dec/2020:23:53:14 +0700] "GET /categories HTTP/1.1" 200 1907
0:0:0:0:0:0:0:1 - - [01/Dec/2020:23:53:14 +0700] "GET /css/style.css HTTP/1.1" 304 -
0:0:0:0:0:0:0:1 - - [01/Dec/2020:23:53:14 +0700] "GET /css/bootstrap.min.css HTTP/1.1" 304 -
0:0:0:0:0:0:0:1 - - [01/Dec/2020:23:53:14 +0700] "GET /css/fonts.css HTTP/1.1" 304 -
0:0:0:0:0:0:0:1 - - [01/Dec/2020:23:53:14 +0700] "GET /css/default.css HTTP/1.1" 304 -
0:0:0:0:0:0:0:1 - - [01/Dec/2020:23:53:14 +0700] "GET /favicon.ico HTTP/1.1" 200 2862
0:0:0:0:0:0:0:1 - - [01/Dec/2020:23:53:18 +0700] "GET /categories HTTP/1.1" 200 1907
0:0:0:0:0:0:0:1 - - [01/Dec/2020:23:53:18 +0700] "GET /favicon.ico HTTP/1.1" 200 2862
0:0:0:0:0:0:0:1 - - [01/Dec/2020:23:56:34 +0700] "GET /categories HTTP/1.1" 200 1907
0:0:0:0:0:0:0:1 - - [01/Dec/2020:23:56:35 +0700] "GET /favicon.ico HTTP/1.1" 200 2862
0:0:0:0:0:0:0:1 - - [01/Dec/2020:23:56:36 +0700] "GET /categories HTTP/1.1" 200 1907
0:0:0:0:0:0:0:1 - - [01/Dec/2020:23:56:37 +0700] "GET /favicon.ico HTTP/1.1" 200 2862
127.0.0.1 - - [01/Dec/2020:23:59:30 +0700] "GET /categories HTTP/1.1" 500 13074
127.0.0.1 - - [01/Dec/2020:23:59:31 +0700] "GET /favicon.ico HTTP/1.1" 200 2862
127.0.0.1 - - [01/Dec/2020:23:59:59 +0700] "GET /categories HTTP/1.1" 500 13073
127.0.0.1 - - [01/Dec/2020:23:59:59 +0700] "GET /favicon.ico HTTP/1.1" 200 2862
127.0.0.1 - - [01/Dec/2020:23:59:59 +0700] "GET /categories HTTP/1.1" 500 13073
0:0:0:0:0:0:0:1 - - [02/Dec/2020:00:00:00 +0700] "GET /favicon.ico HTTP/1.1" 200 2862
